#
# A fatal error has been detected by the Java Runtime Environment:
#
#  Internal Error (classFileParser.cpp:3375), pid=24008, tid=3064408944
#  Error: ShouldNotReachHere()
#
# JRE version: 6.0_23-b05
# Java VM: Java HotSpot(TM) Server VM (19.0-b09 mixed mode linux-x86 )
# If you would like to submit a bug report, please visit:
#   http://java.sun.com/webapps/bugreport/crash.jsp
#

---------------  T H R E A D  ---------------

Current thread (0x087c3400):  JavaThread "Unknown thread" [_thread_in_vm, id=24013, stack(0xb6a22000,0xb6a73000)]

Stack: [0xb6a22000,0xb6a73000],  sp=0xb6a71800,  free space=318k
Native frames: (J=compiled Java code, j=interpreted, Vv=VM code, C=native code)
V  [libjvm.so+0x6e0e00]
V  [libjvm.so+0x2d647f]
V  [libjvm.so+0x26ff9a]
V  [libjvm.so+0x275e21]
V  [libjvm.so+0x67386f]
V  [libjvm.so+0x671af5]
V  [libjvm.so+0x6709b6]
V  [libjvm.so+0x670660]
V  [libjvm.so+0x674fca]
V  [libjvm.so+0x67505c]
V  [libjvm.so+0x675120]
V  [libjvm.so+0x674f09]
V  [libjvm.so+0x6ba64a]
V  [libjvm.so+0x6bbcdf]
V  [libjvm.so+0x3939d8]
V  [libjvm.so+0x6a3c6d]
V  [libjvm.so+0x3eb926]
C  [java+0x405c]
C  [java+0x2942]  JavaMain+0x72
C  [libpthread.so.0+0x5cf3]


---------------  P R O C E S S  ---------------

Java Threads: ( => current thread )

Other Threads:

=>0x087c3400 (exited) JavaThread "Unknown thread" [_thread_in_vm, id=24013, stack(0xb6a22000,0xb6a73000)]

VM state:not at safepoint (not fully initialized)

VM Mutex/Monitor currently owned by a thread: None

Dynamic libraries:
08047000-08052000 r-xp 00000000 08:33 2193673    /opt/sun-jdk-1.6.0.23/bin/java
08052000-08053000 rwxp 0000a000 08:33 2193673    /opt/sun-jdk-1.6.0.23/bin/java
087bd000-087de000 rwxp 00000000 00:00 0          [heap]
7baa1000-7bb00000 r-xs 00492000 08:33 2126290    /opt/android-sdk-update-manager/platforms/android-7/android.jar
7bb00000-7bb4c000 rwxp 00000000 00:00 0 
7bb4c000-7bc00000 ---p 00000000 00:00 0 
7bc0c000-7bc0d000 ---p 00000000 00:00 0 
7bc0d000-7bc8d000 rwxp 00000000 00:00 0 
7bc8d000-7bc8e000 ---p 00000000 00:00 0 
7bc8e000-7bd0e000 rwxp 00000000 00:00 0 
7bd0e000-7bd0f000 ---p 00000000 00:00 0 
7bd0f000-7bd8f000 rwxp 00000000 00:00 0 
7bd8f000-7bd90000 ---p 00000000 00:00 0 
7bd90000-7be18000 rwxp 00000000 00:00 0 
7be18000-7be30000 rwxp 00000000 00:00 0 
7be30000-7be42000 rwxp 00000000 00:00 0 
7be42000-7bf43000 rwxp 00000000 00:00 0 
7bf43000-7bf4b000 rwxp 00000000 00:00 0 
7bf4b000-7bf63000 rwxp 00000000 00:00 0 
7bf63000-7bf75000 rwxp 00000000 00:00 0 
7bf75000-7c075000 rwxp 00000000 00:00 0 
7c075000-7c07f000 rwxp 00000000 00:00 0 
7c07f000-7c0ff000 rwxp 00000000 00:00 0 
7c0ff000-7d100000 rwxp 00000000 00:00 0 
7d100000-80100000 rwxp 00000000 00:00 0 
80100000-82350000 rwxp 00000000 00:00 0 
82350000-a2660000 rwxp 00000000 00:00 0 
a2660000-a3780000 rwxp 00000000 00:00 0 
a3780000-b3900000 rwxp 00000000 00:00 0 
b3900000-b3909000 rwxp 00000000 00:00 0 
b3909000-b39c0000 rwxp 00000000 00:00 0 
b39c0000-b3c00000 rwxp 00000000 00:00 0 
b3c00000-b69c0000 rwxp 00000000 00:00 0 
b69c0000-b69d3000 r-xp 00000000 08:33 267021     /lib/libnsl-2.12.1.so
b69d3000-b69d4000 r-xp 00012000 08:33 267021     /lib/libnsl-2.12.1.so
b69d4000-b69d5000 rwxp 00013000 08:33 267021     /lib/libnsl-2.12.1.so
b69d5000-b69d7000 rwxp 00000000 00:00 0 
b69e8000-b69f7000 r-xp 00000000 08:33 1251871    /opt/sun-jdk-1.6.0.23/jre/lib/i386/libzip.so
b69f7000-b69f9000 rwxp 0000e000 08:33 1251871    /opt/sun-jdk-1.6.0.23/jre/lib/i386/libzip.so
b69f9000-b6a03000 r-xp 00000000 08:33 267013     /lib/libnss_files-2.12.1.so
b6a03000-b6a04000 r-xp 00009000 08:33 267013     /lib/libnss_files-2.12.1.so
b6a04000-b6a05000 rwxp 0000a000 08:33 267013     /lib/libnss_files-2.12.1.so
b6a05000-b6a0e000 r-xp 00000000 08:33 267025     /lib/libnss_nis-2.12.1.so
b6a0e000-b6a0f000 r-xp 00008000 08:33 267025     /lib/libnss_nis-2.12.1.so
b6a0f000-b6a10000 rwxp 00009000 08:33 267025     /lib/libnss_nis-2.12.1.so
b6a10000-b6a16000 r-xp 00000000 08:33 1251912    /opt/sun-jdk-1.6.0.23/jre/lib/i386/native_threads/libhpi.so
b6a16000-b6a17000 rwxp 00006000 08:33 1251912    /opt/sun-jdk-1.6.0.23/jre/lib/i386/native_threads/libhpi.so
b6a17000-b6a18000 rwxp 00000000 00:00 0 
b6a18000-b6a19000 r-xp 00000000 00:00 0 
b6a19000-b6a20000 r-xp 00000000 08:33 266943     /lib/librt-2.12.1.so
b6a20000-b6a21000 r-xp 00006000 08:33 266943     /lib/librt-2.12.1.so
b6a21000-b6a22000 rwxp 00007000 08:33 266943     /lib/librt-2.12.1.so
b6a22000-b6a25000 ---p 00000000 00:00 0 
b6a25000-b6a73000 rwxp 00000000 00:00 0 
b6a73000-b6a97000 r-xp 00000000 08:33 267061     /lib/libm-2.12.1.so
b6a97000-b6a98000 r-xp 00023000 08:33 267061     /lib/libm-2.12.1.so
b6a98000-b6a99000 rwxp 00024000 08:33 267061     /lib/libm-2.12.1.so
b6a99000-b71fe000 r-xp 00000000 08:33 1251917    /opt/sun-jdk-1.6.0.23/jre/lib/i386/server/libjvm.so
b71fe000-b7251000 rwxp 00765000 08:33 1251917    /opt/sun-jdk-1.6.0.23/jre/lib/i386/server/libjvm.so
b7251000-b7670000 rwxp 00000000 00:00 0 
b7670000-b77c4000 r-xp 00000000 08:33 267042     /lib/libc-2.12.1.so
b77c4000-b77c6000 r-xp 00154000 08:33 267042     /lib/libc-2.12.1.so
b77c6000-b77c7000 rwxp 00156000 08:33 267042     /lib/libc-2.12.1.so
b77c7000-b77cb000 rwxp 00000000 00:00 0 
b77cb000-b77cd000 r-xp 00000000 08:33 267044     /lib/libdl-2.12.1.so
b77cd000-b77ce000 r-xp 00001000 08:33 267044     /lib/libdl-2.12.1.so
b77ce000-b77cf000 rwxp 00002000 08:33 267044     /lib/libdl-2.12.1.so
b77cf000-b77d6000 r-xp 00000000 08:33 1251907    /opt/sun-jdk-1.6.0.23/jre/lib/i386/jli/libjli.so
b77d6000-b77d8000 rwxp 00006000 08:33 1251907    /opt/sun-jdk-1.6.0.23/jre/lib/i386/jli/libjli.so
b77d8000-b77ed000 r-xp 00000000 08:33 267046     /lib/libpthread-2.12.1.so
b77ed000-b77ee000 r-xp 00014000 08:33 267046     /lib/libpthread-2.12.1.so
b77ee000-b77ef000 rwxp 00015000 08:33 267046     /lib/libpthread-2.12.1.so
b77ef000-b77f1000 rwxp 00000000 00:00 0 
b77f2000-b77fa000 rwxs 00000000 08:33 1149313    /tmp/hsperfdata_fon/24008
b77fa000-b7800000 r-xp 00000000 08:33 267014     /lib/libnss_compat-2.12.1.so
b7800000-b7801000 r-xp 00006000 08:33 267014     /lib/libnss_compat-2.12.1.so
b7801000-b7802000 rwxp 00007000 08:33 267014     /lib/libnss_compat-2.12.1.so
b7802000-b7825000 r-xp 00000000 08:33 1251925    /opt/sun-jdk-1.6.0.23/jre/lib/i386/libjava.so
b7825000-b7827000 rwxp 00023000 08:33 1251925    /opt/sun-jdk-1.6.0.23/jre/lib/i386/libjava.so
b7827000-b7832000 r-xp 00000000 08:33 1251923    /opt/sun-jdk-1.6.0.23/jre/lib/i386/libverify.so
b7832000-b7833000 rwxp 0000b000 08:33 1251923    /opt/sun-jdk-1.6.0.23/jre/lib/i386/libverify.so
b7833000-b7834000 rwxp 00000000 00:00 0 
b7834000-b7850000 r-xp 00000000 08:33 267045     /lib/ld-2.12.1.so
b7850000-b7851000 r-xp 00000000 00:00 0          [vdso]
b7851000-b7852000 r-xp 0001c000 08:33 267045     /lib/ld-2.12.1.so
b7852000-b7853000 rwxp 0001d000 08:33 267045     /lib/ld-2.12.1.so
bf9ca000-bf9ec000 rwxp 00000000 00:00 0          [stack]

VM Arguments:
jvm_args: -Dvce.launchers=org.eclipse.ve.internal.java.vce.launcher.remotevm.JFCLauncher -Dvce.launcher.class=edu.aueb.cs.uw.Board -Dfile.encoding=UTF-8 -Xbootclasspath:/opt/android-sdk-update-manager/platforms/android-7/android.jar 
java_command: org.eclipse.ve.internal.java.vce.launcher.remotevm.JavaBeansLauncher
Launcher Type: SUN_STANDARD

Environment Variables:
JAVA_HOME=/etc/java-config-2/current-system-vm
CLASSPATH=.
PATH=/usr/local/bin:/usr/bin:/bin:/opt/bin:/usr/i486-pc-linux-gnu/gcc-bin/4.1.2:/usr/i686-pc-linux-gnu/gcc-bin/4.4.5:/opt/sun-jdk-1.4.2.19/bin:/opt/sun-jdk-1.4.2.19/jre/bin:/opt/sun-jdk-1.4.2.19/jre/javaws:/usr/kde/3.5/bin:/usr/qt/3/bin:/opt/android-sdk-update-manager/tools:/opt/android-sdk-update-manager/platform-tools:/usr/lib/subversion/bin:/usr/games/bin:/opt/real/RealPlayer
LD_LIBRARY_PATH=/opt/sun-jdk-1.6.0.23/jre/lib/i386/server:/opt/sun-jdk-1.6.0.23/jre/lib/i386:/opt/sun-jdk-1.6.0.23/jre/../lib/i386::/usr/lib:/usr/lib/xulrunner-devel-1.9.2
SHELL=/bin/bash
DISPLAY=:0

Signal Handlers:
SIGSEGV: [libjvm.so+0x6e1a10], sa_mask[0]=0x7ffbfeff, sa_flags=0x10000004
SIGBUS: [libjvm.so+0x6e1a10], sa_mask[0]=0x7ffbfeff, sa_flags=0x10000004
SIGFPE: [libjvm.so+0x5a37a0], sa_mask[0]=0x7ffbfeff, sa_flags=0x10000004
SIGPIPE: [libjvm.so+0x5a37a0], sa_mask[0]=0x7ffbfeff, sa_flags=0x10000004
SIGXFSZ: [libjvm.so+0x5a37a0], sa_mask[0]=0x7ffbfeff, sa_flags=0x10000004
SIGILL: [libjvm.so+0x5a37a0], sa_mask[0]=0x7ffbfeff, sa_flags=0x10000004
SIGUSR1: SIG_DFL, sa_mask[0]=0x00000000, sa_flags=0x00000000
SIGUSR2: [libjvm.so+0x5a6780], sa_mask[0]=0x00000004, sa_flags=0x10000004
SIGHUP: SIG_DFL, sa_mask[0]=0x00000000, sa_flags=0x00000000
SIGINT: SIG_DFL, sa_mask[0]=0x00000000, sa_flags=0x00000000
SIGTERM: SIG_DFL, sa_mask[0]=0x00000000, sa_flags=0x00000000
SIGQUIT: SIG_DFL, sa_mask[0]=0x00000000, sa_flags=0x00000000


---------------  S Y S T E M  ---------------

OS:Gentoo Base System release 2.0.1-r1

uname:Linux 2.6.36-gentoo #4 SMP Fri Oct 22 00:46:47 EEST 2010 i686
libc:glibc 2.12.1 NPTL 2.12.1 
rlimit: STACK 8192k, CORE 0k, NPROC 26332, NOFILE 1024, AS infinity
load average:1.27 1.20 1.31

/proc/meminfo:
MemTotal:        3370920 kB
MemFree:          332892 kB
Buffers:          330560 kB
Cached:           890068 kB
SwapCached:          196 kB
Active:          1855932 kB
Inactive:        1046180 kB
Active(anon):    1270588 kB
Inactive(anon):   453484 kB
Active(file):     585344 kB
Inactive(file):   592696 kB
Unevictable:           8 kB
Mlocked:               8 kB
HighTotal:       2497992 kB
HighFree:         116312 kB
LowTotal:         872928 kB
LowFree:          216580 kB
SwapTotal:        506040 kB
SwapFree:         481940 kB
Dirty:               512 kB
Writeback:             0 kB
AnonPages:       1681532 kB
Mapped:           190396 kB
Shmem:             42588 kB
Slab:              83916 kB
SReclaimable:      55836 kB
SUnreclaim:        28080 kB
KernelStack:        4336 kB
PageTables:        10680 kB
NFS_Unstable:          0 kB
Bounce:                0 kB
WritebackTmp:          0 kB
CommitLimit:     2191500 kB
Committed_AS:    5497452 kB
VmallocTotal:     122880 kB
VmallocUsed:       47656 kB
VmallocChunk:      58876 kB
HugePages_Total:       0
HugePages_Free:        0
HugePages_Rsvd:        0
HugePages_Surp:        0
Hugepagesize:       4096 kB
DirectMap4k:      806904 kB
DirectMap4M:      102400 kB


CPU:total 4 (4 cores per cpu, 1 threads per core) family 6 model 23 stepping 10, cmov, cx8, fxsr, mmx, sse, sse2, sse3, ssse3, sse4.1

Memory: 4k page, physical 3370920k(332892k free), swap 506040k(481940k free)

vm_info: Java HotSpot(TM) Server VM (19.0-b09) for linux-x86 JRE (1.6.0_23-b05), built on Nov 12 2010 14:07:22 by "java_re" with gcc 3.2.1-7a (J2SE release)

time: Wed Dec 22 17:04:51 2010
elapsed time: 0 seconds

