#
# A fatal error has been detected by the Java Runtime Environment:
#
#  Internal Error (classFileParser.cpp:3375), pid=27328, tid=3063950192
#  Error: ShouldNotReachHere()
#
# JRE version: 6.0_23-b05
# Java VM: Java HotSpot(TM) Server VM (19.0-b09 mixed mode linux-x86 )
# If you would like to submit a bug report, please visit:
#   http://java.sun.com/webapps/bugreport/crash.jsp
#

---------------  T H R E A D  ---------------

Current thread (0x09e74400):  JavaThread "Unknown thread" [_thread_in_vm, id=27331, stack(0xb69b2000,0xb6a03000)]

Stack: [0xb69b2000,0xb6a03000],  sp=0xb6a01800,  free space=318k
Native frames: (J=compiled Java code, j=interpreted, Vv=VM code, C=native code)
V  [libjvm.so+0x6e0e00]
V  [libjvm.so+0x2d647f]
V  [libjvm.so+0x26ff9a]
V  [libjvm.so+0x275e21]
V  [libjvm.so+0x67386f]
V  [libjvm.so+0x671af5]
V  [libjvm.so+0x6709b6]
V  [libjvm.so+0x670660]
V  [libjvm.so+0x674fca]
V  [libjvm.so+0x67505c]
V  [libjvm.so+0x675120]
V  [libjvm.so+0x674f09]
V  [libjvm.so+0x6ba64a]
V  [libjvm.so+0x6bbcdf]
V  [libjvm.so+0x3939d8]
V  [libjvm.so+0x6a3c6d]
V  [libjvm.so+0x3eb926]
C  [java+0x405c]
C  [java+0x2942]  JavaMain+0x72
C  [libpthread.so.0+0x5cf3]


---------------  P R O C E S S  ---------------

Java Threads: ( => current thread )

Other Threads:

=>0x09e74400 (exited) JavaThread "Unknown thread" [_thread_in_vm, id=27331, stack(0xb69b2000,0xb6a03000)]

VM state:not at safepoint (not fully initialized)

VM Mutex/Monitor currently owned by a thread: None

Dynamic libraries:
08047000-08052000 r-xp 00000000 08:33 2193673    /opt/sun-jdk-1.6.0.23/bin/java
08052000-08053000 rwxp 0000a000 08:33 2193673    /opt/sun-jdk-1.6.0.23/bin/java
09e6e000-09eb4000 rwxp 00000000 00:00 0          [heap]
7ba00000-7ba37000 rwxp 00000000 00:00 0 
7ba37000-7bb00000 ---p 00000000 00:00 0 
7bb3d000-7bb9c000 r-xs 00492000 08:33 2126290    /opt/android-sdk-update-manager/platforms/android-7/android.jar
7bb9c000-7bb9d000 ---p 00000000 00:00 0 
7bb9d000-7bc1d000 rwxp 00000000 00:00 0 
7bc1d000-7bc1e000 ---p 00000000 00:00 0 
7bc1e000-7bc9e000 rwxp 00000000 00:00 0 
7bc9e000-7bc9f000 ---p 00000000 00:00 0 
7bc9f000-7bd1f000 rwxp 00000000 00:00 0 
7bd1f000-7bd20000 ---p 00000000 00:00 0 
7bd20000-7bda8000 rwxp 00000000 00:00 0 
7bda8000-7bdc0000 rwxp 00000000 00:00 0 
7bdc0000-7bdd2000 rwxp 00000000 00:00 0 
7bdd2000-7bed3000 rwxp 00000000 00:00 0 
7bed3000-7bedb000 rwxp 00000000 00:00 0 
7bedb000-7bef3000 rwxp 00000000 00:00 0 
7bef3000-7bf05000 rwxp 00000000 00:00 0 
7bf05000-7c005000 rwxp 00000000 00:00 0 
7c005000-7c00f000 rwxp 00000000 00:00 0 
7c00f000-7c08f000 rwxp 00000000 00:00 0 
7c08f000-7d090000 rwxp 00000000 00:00 0 
7d090000-80090000 rwxp 00000000 00:00 0 
80090000-822e0000 rwxp 00000000 00:00 0 
822e0000-a25f0000 rwxp 00000000 00:00 0 
a25f0000-a3710000 rwxp 00000000 00:00 0 
a3710000-b3890000 rwxp 00000000 00:00 0 
b3890000-b3899000 rwxp 00000000 00:00 0 
b3899000-b3950000 rwxp 00000000 00:00 0 
b3950000-b3b90000 rwxp 00000000 00:00 0 
b3b90000-b6950000 rwxp 00000000 00:00 0 
b6950000-b6963000 r-xp 00000000 08:33 267021     /lib/libnsl-2.12.1.so
b6963000-b6964000 r-xp 00012000 08:33 267021     /lib/libnsl-2.12.1.so
b6964000-b6965000 rwxp 00013000 08:33 267021     /lib/libnsl-2.12.1.so
b6965000-b6967000 rwxp 00000000 00:00 0 
b6978000-b6987000 r-xp 00000000 08:33 1251871    /opt/sun-jdk-1.6.0.23/jre/lib/i386/libzip.so
b6987000-b6989000 rwxp 0000e000 08:33 1251871    /opt/sun-jdk-1.6.0.23/jre/lib/i386/libzip.so
b6989000-b6993000 r-xp 00000000 08:33 267013     /lib/libnss_files-2.12.1.so
b6993000-b6994000 r-xp 00009000 08:33 267013     /lib/libnss_files-2.12.1.so
b6994000-b6995000 rwxp 0000a000 08:33 267013     /lib/libnss_files-2.12.1.so
b6995000-b699e000 r-xp 00000000 08:33 267025     /lib/libnss_nis-2.12.1.so
b699e000-b699f000 r-xp 00008000 08:33 267025     /lib/libnss_nis-2.12.1.so
b699f000-b69a0000 rwxp 00009000 08:33 267025     /lib/libnss_nis-2.12.1.so
b69a0000-b69a6000 r-xp 00000000 08:33 1251912    /opt/sun-jdk-1.6.0.23/jre/lib/i386/native_threads/libhpi.so
b69a6000-b69a7000 rwxp 00006000 08:33 1251912    /opt/sun-jdk-1.6.0.23/jre/lib/i386/native_threads/libhpi.so
b69a7000-b69a8000 rwxp 00000000 00:00 0 
b69a8000-b69a9000 r-xp 00000000 00:00 0 
b69a9000-b69b0000 r-xp 00000000 08:33 266943     /lib/librt-2.12.1.so
b69b0000-b69b1000 r-xp 00006000 08:33 266943     /lib/librt-2.12.1.so
b69b1000-b69b2000 rwxp 00007000 08:33 266943     /lib/librt-2.12.1.so
b69b2000-b69b5000 ---p 00000000 00:00 0 
b69b5000-b6a03000 rwxp 00000000 00:00 0 
b6a03000-b6a27000 r-xp 00000000 08:33 267061     /lib/libm-2.12.1.so
b6a27000-b6a28000 r-xp 00023000 08:33 267061     /lib/libm-2.12.1.so
b6a28000-b6a29000 rwxp 00024000 08:33 267061     /lib/libm-2.12.1.so
b6a29000-b718e000 r-xp 00000000 08:33 1251917    /opt/sun-jdk-1.6.0.23/jre/lib/i386/server/libjvm.so
b718e000-b71e1000 rwxp 00765000 08:33 1251917    /opt/sun-jdk-1.6.0.23/jre/lib/i386/server/libjvm.so
b71e1000-b7600000 rwxp 00000000 00:00 0 
b7600000-b7754000 r-xp 00000000 08:33 267042     /lib/libc-2.12.1.so
b7754000-b7756000 r-xp 00154000 08:33 267042     /lib/libc-2.12.1.so
b7756000-b7757000 rwxp 00156000 08:33 267042     /lib/libc-2.12.1.so
b7757000-b775b000 rwxp 00000000 00:00 0 
b775b000-b775d000 r-xp 00000000 08:33 267044     /lib/libdl-2.12.1.so
b775d000-b775e000 r-xp 00001000 08:33 267044     /lib/libdl-2.12.1.so
b775e000-b775f000 rwxp 00002000 08:33 267044     /lib/libdl-2.12.1.so
b775f000-b7766000 r-xp 00000000 08:33 1251907    /opt/sun-jdk-1.6.0.23/jre/lib/i386/jli/libjli.so
b7766000-b7768000 rwxp 00006000 08:33 1251907    /opt/sun-jdk-1.6.0.23/jre/lib/i386/jli/libjli.so
b7768000-b777d000 r-xp 00000000 08:33 267046     /lib/libpthread-2.12.1.so
b777d000-b777e000 r-xp 00014000 08:33 267046     /lib/libpthread-2.12.1.so
b777e000-b777f000 rwxp 00015000 08:33 267046     /lib/libpthread-2.12.1.so
b777f000-b7781000 rwxp 00000000 00:00 0 
b7782000-b778a000 rwxs 00000000 08:33 1181735    /tmp/hsperfdata_fon/27328
b778a000-b7790000 r-xp 00000000 08:33 267014     /lib/libnss_compat-2.12.1.so
b7790000-b7791000 r-xp 00006000 08:33 267014     /lib/libnss_compat-2.12.1.so
b7791000-b7792000 rwxp 00007000 08:33 267014     /lib/libnss_compat-2.12.1.so
b7792000-b77b5000 r-xp 00000000 08:33 1251925    /opt/sun-jdk-1.6.0.23/jre/lib/i386/libjava.so
b77b5000-b77b7000 rwxp 00023000 08:33 1251925    /opt/sun-jdk-1.6.0.23/jre/lib/i386/libjava.so
b77b7000-b77c2000 r-xp 00000000 08:33 1251923    /opt/sun-jdk-1.6.0.23/jre/lib/i386/libverify.so
b77c2000-b77c3000 rwxp 0000b000 08:33 1251923    /opt/sun-jdk-1.6.0.23/jre/lib/i386/libverify.so
b77c3000-b77c4000 rwxp 00000000 00:00 0 
b77c4000-b77e0000 r-xp 00000000 08:33 267045     /lib/ld-2.12.1.so
b77e0000-b77e1000 r-xp 00000000 00:00 0          [vdso]
b77e1000-b77e2000 r-xp 0001c000 08:33 267045     /lib/ld-2.12.1.so
b77e2000-b77e3000 rwxp 0001d000 08:33 267045     /lib/ld-2.12.1.so
bf961000-bf983000 rwxp 00000000 00:00 0          [stack]

VM Arguments:
jvm_args: -Dvce.launchers=org.eclipse.ve.internal.java.vce.launcher.remotevm.JFCLauncher -Dvce.launcher.class=edu.aueb.cs.uw.Upwords -Dfile.encoding=UTF-8 -Xbootclasspath:/opt/android-sdk-update-manager/platforms/android-7/android.jar 
java_command: org.eclipse.ve.internal.java.vce.launcher.remotevm.JavaBeansLauncher
Launcher Type: SUN_STANDARD

Environment Variables:
JAVA_HOME=/etc/java-config-2/current-system-vm
CLASSPATH=.
PATH=/usr/local/bin:/usr/bin:/bin:/opt/bin:/usr/i486-pc-linux-gnu/gcc-bin/4.1.2:/usr/i686-pc-linux-gnu/gcc-bin/4.4.5:/opt/sun-jdk-1.4.2.19/bin:/opt/sun-jdk-1.4.2.19/jre/bin:/opt/sun-jdk-1.4.2.19/jre/javaws:/usr/kde/3.5/bin:/usr/qt/3/bin://opt/android-sdk-update-manager/tools:/usr/lib/subversion/bin:/usr/games/bin:/opt/real/RealPlayer
LD_LIBRARY_PATH=/opt/sun-jdk-1.6.0.23/jre/lib/i386/server:/opt/sun-jdk-1.6.0.23/jre/lib/i386:/opt/sun-jdk-1.6.0.23/jre/../lib/i386::/usr/lib:/usr/lib/xulrunner-devel-1.9.2
SHELL=/bin/bash
DISPLAY=:0

Signal Handlers:
SIGSEGV: [libjvm.so+0x6e1a10], sa_mask[0]=0x7ffbfeff, sa_flags=0x10000004
SIGBUS: [libjvm.so+0x6e1a10], sa_mask[0]=0x7ffbfeff, sa_flags=0x10000004
SIGFPE: [libjvm.so+0x5a37a0], sa_mask[0]=0x7ffbfeff, sa_flags=0x10000004
SIGPIPE: [libjvm.so+0x5a37a0], sa_mask[0]=0x7ffbfeff, sa_flags=0x10000004
SIGXFSZ: [libjvm.so+0x5a37a0], sa_mask[0]=0x7ffbfeff, sa_flags=0x10000004
SIGILL: [libjvm.so+0x5a37a0], sa_mask[0]=0x7ffbfeff, sa_flags=0x10000004
SIGUSR1: SIG_DFL, sa_mask[0]=0x00000000, sa_flags=0x00000000
SIGUSR2: [libjvm.so+0x5a6780], sa_mask[0]=0x00000004, sa_flags=0x10000004
SIGHUP: SIG_DFL, sa_mask[0]=0x00000000, sa_flags=0x00000000
SIGINT: SIG_DFL, sa_mask[0]=0x00000000, sa_flags=0x00000000
SIGTERM: SIG_DFL, sa_mask[0]=0x00000000, sa_flags=0x00000000
SIGQUIT: SIG_DFL, sa_mask[0]=0x00000000, sa_flags=0x00000000


---------------  S Y S T E M  ---------------

OS:Gentoo Base System release 2.0.1-r1

uname:Linux 2.6.36-gentoo #4 SMP Fri Oct 22 00:46:47 EEST 2010 i686
libc:glibc 2.12.1 NPTL 2.12.1 
rlimit: STACK 8192k, CORE 0k, NPROC 26332, NOFILE 1024, AS infinity
load average:1.33 1.18 1.15

/proc/meminfo:
MemTotal:        3370920 kB
MemFree:         1041032 kB
Buffers:           28492 kB
Cached:           441896 kB
SwapCached:        18092 kB
Active:          1306332 kB
Inactive:         920964 kB
Active(anon):    1144636 kB
Inactive(anon):   651416 kB
Active(file):     161696 kB
Inactive(file):   269548 kB
Unevictable:           8 kB
Mlocked:               8 kB
HighTotal:       2497992 kB
HighFree:         465024 kB
LowTotal:         872928 kB
LowFree:          576008 kB
SwapTotal:        506040 kB
SwapFree:         209100 kB
Dirty:               212 kB
Writeback:             0 kB
AnonPages:       1739504 kB
Mapped:           133248 kB
Shmem:             39144 kB
Slab:              46860 kB
SReclaimable:      26088 kB
SUnreclaim:        20772 kB
KernelStack:        3928 kB
PageTables:        12456 kB
NFS_Unstable:          0 kB
Bounce:                0 kB
WritebackTmp:          0 kB
CommitLimit:     2191500 kB
Committed_AS:    5576624 kB
VmallocTotal:     122880 kB
VmallocUsed:       47716 kB
VmallocChunk:      58876 kB
HugePages_Total:       0
HugePages_Free:        0
HugePages_Rsvd:        0
HugePages_Surp:        0
Hugepagesize:       4096 kB
DirectMap4k:      798712 kB
DirectMap4M:      110592 kB


CPU:total 4 (4 cores per cpu, 1 threads per core) family 6 model 23 stepping 10, cmov, cx8, fxsr, mmx, sse, sse2, sse3, ssse3, sse4.1

Memory: 4k page, physical 3370920k(1041032k free), swap 506040k(209100k free)

vm_info: Java HotSpot(TM) Server VM (19.0-b09) for linux-x86 JRE (1.6.0_23-b05), built on Nov 12 2010 14:07:22 by "java_re" with gcc 3.2.1-7a (J2SE release)

time: Fri Dec 17 14:30:54 2010
elapsed time: 0 seconds

