#
# A fatal error has been detected by the Java Runtime Environment:
#
#  Internal Error (classFileParser.cpp:3375), pid=32159, tid=3063692144
#  Error: ShouldNotReachHere()
#
# JRE version: 6.0_23-b05
# Java VM: Java HotSpot(TM) Server VM (19.0-b09 mixed mode linux-x86 )
# If you would like to submit a bug report, please visit:
#   http://java.sun.com/webapps/bugreport/crash.jsp
#

---------------  T H R E A D  ---------------

Current thread (0x09d06400):  JavaThread "Unknown thread" [_thread_in_vm, id=32164, stack(0xb6973000,0xb69c4000)]

Stack: [0xb6973000,0xb69c4000],  sp=0xb69c2800,  free space=318k
Native frames: (J=compiled Java code, j=interpreted, Vv=VM code, C=native code)
V  [libjvm.so+0x6e0e00]
V  [libjvm.so+0x2d647f]
V  [libjvm.so+0x26ff9a]
V  [libjvm.so+0x275e21]
V  [libjvm.so+0x67386f]
V  [libjvm.so+0x671af5]
V  [libjvm.so+0x6709b6]
V  [libjvm.so+0x670660]
V  [libjvm.so+0x674fca]
V  [libjvm.so+0x67505c]
V  [libjvm.so+0x675120]
V  [libjvm.so+0x674f09]
V  [libjvm.so+0x6ba64a]
V  [libjvm.so+0x6bbcdf]
V  [libjvm.so+0x3939d8]
V  [libjvm.so+0x6a3c6d]
V  [libjvm.so+0x3eb926]
C  [java+0x405c]
C  [java+0x2942]  JavaMain+0x72
C  [libpthread.so.0+0x5cf3]


---------------  P R O C E S S  ---------------

Java Threads: ( => current thread )

Other Threads:

=>0x09d06400 (exited) JavaThread "Unknown thread" [_thread_in_vm, id=32164, stack(0xb6973000,0xb69c4000)]

VM state:not at safepoint (not fully initialized)

VM Mutex/Monitor currently owned by a thread: None

Dynamic libraries:
08047000-08052000 r-xp 00000000 08:33 2193673    /opt/sun-jdk-1.6.0.23/bin/java
08052000-08053000 rwxp 0000a000 08:33 2193673    /opt/sun-jdk-1.6.0.23/bin/java
09d00000-09d21000 rwxp 00000000 00:00 0          [heap]
7b99b000-7ba00000 r-xs 004cb000 08:33 2094659    /opt/android-sdk-update-manager/platforms/android-8/android.jar
7ba00000-7ba4d000 rwxp 00000000 00:00 0 
7ba4d000-7bb00000 ---p 00000000 00:00 0 
7bb5c000-7bb5d000 ---p 00000000 00:00 0 
7bb5d000-7bbdd000 rwxp 00000000 00:00 0 
7bbdd000-7bbde000 ---p 00000000 00:00 0 
7bbde000-7bc5e000 rwxp 00000000 00:00 0 
7bc5e000-7bc5f000 ---p 00000000 00:00 0 
7bc5f000-7bcdf000 rwxp 00000000 00:00 0 
7bcdf000-7bce0000 ---p 00000000 00:00 0 
7bce0000-7bd68000 rwxp 00000000 00:00 0 
7bd68000-7bd80000 rwxp 00000000 00:00 0 
7bd80000-7bd92000 rwxp 00000000 00:00 0 
7bd92000-7be93000 rwxp 00000000 00:00 0 
7be93000-7be9b000 rwxp 00000000 00:00 0 
7be9b000-7beb3000 rwxp 00000000 00:00 0 
7beb3000-7bec5000 rwxp 00000000 00:00 0 
7bec5000-7bfc5000 rwxp 00000000 00:00 0 
7bfc5000-7bfcf000 rwxp 00000000 00:00 0 
7bfcf000-7c04f000 rwxp 00000000 00:00 0 
7c04f000-7d050000 rwxp 00000000 00:00 0 
7d050000-80050000 rwxp 00000000 00:00 0 
80050000-822a0000 rwxp 00000000 00:00 0 
822a0000-a25b0000 rwxp 00000000 00:00 0 
a25b0000-a36d0000 rwxp 00000000 00:00 0 
a36d0000-b3850000 rwxp 00000000 00:00 0 
b3851000-b385a000 rwxp 00000000 00:00 0 
b385a000-b3911000 rwxp 00000000 00:00 0 
b3911000-b3b51000 rwxp 00000000 00:00 0 
b3b51000-b6911000 rwxp 00000000 00:00 0 
b6911000-b6924000 r-xp 00000000 08:33 2262713    /lib/libnsl-2.12.2.so
b6924000-b6925000 r-xp 00012000 08:33 2262713    /lib/libnsl-2.12.2.so
b6925000-b6926000 rwxp 00013000 08:33 2262713    /lib/libnsl-2.12.2.so
b6926000-b6928000 rwxp 00000000 00:00 0 
b6939000-b6948000 r-xp 00000000 08:33 1251871    /opt/sun-jdk-1.6.0.23/jre/lib/i386/libzip.so
b6948000-b694a000 rwxp 0000e000 08:33 1251871    /opt/sun-jdk-1.6.0.23/jre/lib/i386/libzip.so
b694a000-b6954000 r-xp 00000000 08:33 2263036    /lib/libnss_files-2.12.2.so
b6954000-b6955000 r-xp 00009000 08:33 2263036    /lib/libnss_files-2.12.2.so
b6955000-b6956000 rwxp 0000a000 08:33 2263036    /lib/libnss_files-2.12.2.so
b6956000-b695f000 r-xp 00000000 08:33 2263012    /lib/libnss_nis-2.12.2.so
b695f000-b6960000 r-xp 00008000 08:33 2263012    /lib/libnss_nis-2.12.2.so
b6960000-b6961000 rwxp 00009000 08:33 2263012    /lib/libnss_nis-2.12.2.so
b6961000-b6967000 r-xp 00000000 08:33 1251912    /opt/sun-jdk-1.6.0.23/jre/lib/i386/native_threads/libhpi.so
b6967000-b6968000 rwxp 00006000 08:33 1251912    /opt/sun-jdk-1.6.0.23/jre/lib/i386/native_threads/libhpi.so
b6968000-b6969000 rwxp 00000000 00:00 0 
b6969000-b696a000 r-xp 00000000 00:00 0 
b696a000-b6971000 r-xp 00000000 08:33 2263005    /lib/librt-2.12.2.so
b6971000-b6972000 r-xp 00006000 08:33 2263005    /lib/librt-2.12.2.so
b6972000-b6973000 rwxp 00007000 08:33 2263005    /lib/librt-2.12.2.so
b6973000-b6976000 ---p 00000000 00:00 0 
b6976000-b69c4000 rwxp 00000000 00:00 0 
b69c4000-b69e8000 r-xp 00000000 08:33 2263028    /lib/libm-2.12.2.so
b69e8000-b69e9000 r-xp 00023000 08:33 2263028    /lib/libm-2.12.2.so
b69e9000-b69ea000 rwxp 00024000 08:33 2263028    /lib/libm-2.12.2.so
b69ea000-b714f000 r-xp 00000000 08:33 1251917    /opt/sun-jdk-1.6.0.23/jre/lib/i386/server/libjvm.so
b714f000-b71a2000 rwxp 00765000 08:33 1251917    /opt/sun-jdk-1.6.0.23/jre/lib/i386/server/libjvm.so
b71a2000-b75c1000 rwxp 00000000 00:00 0 
b75c1000-b7715000 r-xp 00000000 08:33 2262756    /lib/libc-2.12.2.so
b7715000-b7717000 r-xp 00154000 08:33 2262756    /lib/libc-2.12.2.so
b7717000-b7718000 rwxp 00156000 08:33 2262756    /lib/libc-2.12.2.so
b7718000-b771c000 rwxp 00000000 00:00 0 
b771c000-b771e000 r-xp 00000000 08:33 2262762    /lib/libdl-2.12.2.so
b771e000-b771f000 r-xp 00001000 08:33 2262762    /lib/libdl-2.12.2.so
b771f000-b7720000 rwxp 00002000 08:33 2262762    /lib/libdl-2.12.2.so
b7720000-b7727000 r-xp 00000000 08:33 1251907    /opt/sun-jdk-1.6.0.23/jre/lib/i386/jli/libjli.so
b7727000-b7729000 rwxp 00006000 08:33 1251907    /opt/sun-jdk-1.6.0.23/jre/lib/i386/jli/libjli.so
b7729000-b773e000 r-xp 00000000 08:33 2263013    /lib/libpthread-2.12.2.so
b773e000-b773f000 r-xp 00014000 08:33 2263013    /lib/libpthread-2.12.2.so
b773f000-b7740000 rwxp 00015000 08:33 2263013    /lib/libpthread-2.12.2.so
b7740000-b7742000 rwxp 00000000 00:00 0 
b7743000-b774b000 rwxs 00000000 08:33 1152999    /tmp/hsperfdata_fon/32159
b774b000-b7751000 r-xp 00000000 08:33 2263035    /lib/libnss_compat-2.12.2.so
b7751000-b7752000 r-xp 00006000 08:33 2263035    /lib/libnss_compat-2.12.2.so
b7752000-b7753000 rwxp 00007000 08:33 2263035    /lib/libnss_compat-2.12.2.so
b7753000-b7776000 r-xp 00000000 08:33 1251925    /opt/sun-jdk-1.6.0.23/jre/lib/i386/libjava.so
b7776000-b7778000 rwxp 00023000 08:33 1251925    /opt/sun-jdk-1.6.0.23/jre/lib/i386/libjava.so
b7778000-b7783000 r-xp 00000000 08:33 1251923    /opt/sun-jdk-1.6.0.23/jre/lib/i386/libverify.so
b7783000-b7784000 rwxp 0000b000 08:33 1251923    /opt/sun-jdk-1.6.0.23/jre/lib/i386/libverify.so
b7784000-b7785000 rwxp 00000000 00:00 0 
b7785000-b77a1000 r-xp 00000000 08:33 2263058    /lib/ld-2.12.2.so
b77a1000-b77a2000 r-xp 00000000 00:00 0          [vdso]
b77a2000-b77a3000 r-xp 0001c000 08:33 2263058    /lib/ld-2.12.2.so
b77a3000-b77a4000 rwxp 0001d000 08:33 2263058    /lib/ld-2.12.2.so
bfda6000-bfdc8000 rwxp 00000000 00:00 0          [stack]

VM Arguments:
jvm_args: -Dvce.launchers=org.eclipse.ve.internal.java.vce.launcher.remotevm.JFCLauncher -Dvce.launcher.class=edu.aueb.cs.uw.SoundManager -Dfile.encoding=UTF-8 -Xbootclasspath:/opt/android-sdk-update-manager/platforms/android-8/android.jar 
java_command: org.eclipse.ve.internal.java.vce.launcher.remotevm.JavaBeansLauncher
Launcher Type: SUN_STANDARD

Environment Variables:
JAVA_HOME=/etc/java-config-2/current-system-vm
CLASSPATH=.
PATH=/usr/local/bin:/usr/bin:/bin:/opt/bin:/usr/i486-pc-linux-gnu/gcc-bin/4.1.2:/usr/i686-pc-linux-gnu/gcc-bin/4.4.5:/opt/sun-jdk-1.4.2.19/bin:/opt/sun-jdk-1.4.2.19/jre/bin:/opt/sun-jdk-1.4.2.19/jre/javaws:/usr/kde/3.5/bin:/usr/qt/3/bin:/opt/android-sdk-update-manager/tools:/opt/android-sdk-update-manager/platform-tools:/usr/lib/subversion/bin:/usr/games/bin:/opt/real/RealPlayer
LD_LIBRARY_PATH=/opt/sun-jdk-1.6.0.23/jre/lib/i386/server:/opt/sun-jdk-1.6.0.23/jre/lib/i386:/opt/sun-jdk-1.6.0.23/jre/../lib/i386::/usr/lib:/usr/lib/xulrunner-devel-1.9.2
SHELL=/bin/bash
DISPLAY=:0

Signal Handlers:
SIGSEGV: [libjvm.so+0x6e1a10], sa_mask[0]=0x7ffbfeff, sa_flags=0x10000004
SIGBUS: [libjvm.so+0x6e1a10], sa_mask[0]=0x7ffbfeff, sa_flags=0x10000004
SIGFPE: [libjvm.so+0x5a37a0], sa_mask[0]=0x7ffbfeff, sa_flags=0x10000004
SIGPIPE: [libjvm.so+0x5a37a0], sa_mask[0]=0x7ffbfeff, sa_flags=0x10000004
SIGXFSZ: [libjvm.so+0x5a37a0], sa_mask[0]=0x7ffbfeff, sa_flags=0x10000004
SIGILL: [libjvm.so+0x5a37a0], sa_mask[0]=0x7ffbfeff, sa_flags=0x10000004
SIGUSR1: SIG_DFL, sa_mask[0]=0x00000000, sa_flags=0x00000000
SIGUSR2: [libjvm.so+0x5a6780], sa_mask[0]=0x00000004, sa_flags=0x10000004
SIGHUP: SIG_DFL, sa_mask[0]=0x00000000, sa_flags=0x00000000
SIGINT: SIG_DFL, sa_mask[0]=0x00000000, sa_flags=0x00000000
SIGTERM: SIG_DFL, sa_mask[0]=0x00000000, sa_flags=0x00000000
SIGQUIT: SIG_DFL, sa_mask[0]=0x00000000, sa_flags=0x00000000


---------------  S Y S T E M  ---------------

OS:Gentoo Base System release 2.0.1-r1

uname:Linux 2.6.36-gentoo #4 SMP Fri Oct 22 00:46:47 EEST 2010 i686
libc:glibc 2.12.2 NPTL 2.12.2 
rlimit: STACK 8192k, CORE 0k, NPROC 26332, NOFILE 1024, AS infinity
load average:1.24 1.38 1.41

/proc/meminfo:
MemTotal:        3370920 kB
MemFree:         1074260 kB
Buffers:           74172 kB
Cached:           468392 kB
SwapCached:        23532 kB
Active:          1448444 kB
Inactive:         718100 kB
Active(anon):    1230484 kB
Inactive(anon):   449704 kB
Active(file):     217960 kB
Inactive(file):   268396 kB
Unevictable:           8 kB
Mlocked:               8 kB
HighTotal:       2497992 kB
HighFree:         608068 kB
LowTotal:         872928 kB
LowFree:          466192 kB
SwapTotal:        506040 kB
SwapFree:         352072 kB
Dirty:              5104 kB
Writeback:             0 kB
AnonPages:       1604172 kB
Mapped:           169568 kB
Shmem:             56216 kB
Slab:              75068 kB
SReclaimable:      52348 kB
SUnreclaim:        22720 kB
KernelStack:        4512 kB
PageTables:        12320 kB
NFS_Unstable:          0 kB
Bounce:                0 kB
WritebackTmp:          0 kB
CommitLimit:     2191500 kB
Committed_AS:    6245856 kB
VmallocTotal:     122880 kB
VmallocUsed:       47712 kB
VmallocChunk:      58876 kB
HugePages_Total:       0
HugePages_Free:        0
HugePages_Rsvd:        0
HugePages_Surp:        0
Hugepagesize:       4096 kB
DirectMap4k:      864248 kB
DirectMap4M:       45056 kB


CPU:total 4 (4 cores per cpu, 1 threads per core) family 6 model 23 stepping 10, cmov, cx8, fxsr, mmx, sse, sse2, sse3, ssse3, sse4.1

Memory: 4k page, physical 3370920k(1074260k free), swap 506040k(352072k free)

vm_info: Java HotSpot(TM) Server VM (19.0-b09) for linux-x86 JRE (1.6.0_23-b05), built on Nov 12 2010 14:07:22 by "java_re" with gcc 3.2.1-7a (J2SE release)

time: Fri Jan 14 19:21:34 2011
elapsed time: 0 seconds

