#
# A fatal error has been detected by the Java Runtime Environment:
#
#  Internal Error (classFileParser.cpp:3375), pid=3842, tid=3064929136
#  Error: ShouldNotReachHere()
#
# JRE version: 6.0_23-b05
# Java VM: Java HotSpot(TM) Server VM (19.0-b09 mixed mode linux-x86 )
# If you would like to submit a bug report, please visit:
#   http://java.sun.com/webapps/bugreport/crash.jsp
#

---------------  T H R E A D  ---------------

Current thread (0x09850400):  JavaThread "Unknown thread" [_thread_in_vm, id=3844, stack(0xb6aa1000,0xb6af2000)]

Stack: [0xb6aa1000,0xb6af2000],  sp=0xb6af0800,  free space=318k
Native frames: (J=compiled Java code, j=interpreted, Vv=VM code, C=native code)
V  [libjvm.so+0x6e0e00]
V  [libjvm.so+0x2d647f]
V  [libjvm.so+0x26ff9a]
V  [libjvm.so+0x275e21]
V  [libjvm.so+0x67386f]
V  [libjvm.so+0x671af5]
V  [libjvm.so+0x6709b6]
V  [libjvm.so+0x670660]
V  [libjvm.so+0x674fca]
V  [libjvm.so+0x67505c]
V  [libjvm.so+0x675120]
V  [libjvm.so+0x674f09]
V  [libjvm.so+0x6ba64a]
V  [libjvm.so+0x6bbcdf]
V  [libjvm.so+0x3939d8]
V  [libjvm.so+0x6a3c6d]
V  [libjvm.so+0x3eb926]
C  [java+0x405c]
C  [java+0x2942]  JavaMain+0x72
C  [libpthread.so.0+0x5cf3]


---------------  P R O C E S S  ---------------

Java Threads: ( => current thread )

Other Threads:

=>0x09850400 (exited) JavaThread "Unknown thread" [_thread_in_vm, id=3844, stack(0xb6aa1000,0xb6af2000)]

VM state:not at safepoint (not fully initialized)

VM Mutex/Monitor currently owned by a thread: None

Dynamic libraries:
08047000-08052000 r-xp 00000000 08:33 2193673    /opt/sun-jdk-1.6.0.23/bin/java
08052000-08053000 rwxp 0000a000 08:33 2193673    /opt/sun-jdk-1.6.0.23/bin/java
0984a000-098b2000 rwxp 00000000 00:00 0          [heap]
7bc1d000-7bc7c000 r-xs 00492000 08:33 2126290    /opt/android-sdk-update-manager/platforms/android-7/android.jar
7bc7c000-7bc7d000 ---p 00000000 00:00 0 
7bc7d000-7bcfd000 rwxp 00000000 00:00 0 
7bcfd000-7bcfe000 ---p 00000000 00:00 0 
7bcfe000-7bd7e000 rwxp 00000000 00:00 0 
7bd7e000-7bd7f000 ---p 00000000 00:00 0 
7bd7f000-7bdff000 rwxp 00000000 00:00 0 
7bdff000-7be00000 ---p 00000000 00:00 0 
7be00000-7be88000 rwxp 00000000 00:00 0 
7be88000-7bea0000 rwxp 00000000 00:00 0 
7bea0000-7beb2000 rwxp 00000000 00:00 0 
7beb2000-7bfb3000 rwxp 00000000 00:00 0 
7bfb3000-7bfbb000 rwxp 00000000 00:00 0 
7bfbb000-7bfd3000 rwxp 00000000 00:00 0 
7bfd3000-7bfe5000 rwxp 00000000 00:00 0 
7bfe5000-7c0e5000 rwxp 00000000 00:00 0 
7c0e5000-7c0ef000 rwxp 00000000 00:00 0 
7c0ef000-7c16f000 rwxp 00000000 00:00 0 
7c16f000-7d170000 rwxp 00000000 00:00 0 
7d170000-80170000 rwxp 00000000 00:00 0 
80170000-823c0000 rwxp 00000000 00:00 0 
823c0000-a26d0000 rwxp 00000000 00:00 0 
a26d0000-a37f0000 rwxp 00000000 00:00 0 
a37f0000-b3970000 rwxp 00000000 00:00 0 
b397f000-b3988000 rwxp 00000000 00:00 0 
b3988000-b3a3f000 rwxp 00000000 00:00 0 
b3a3f000-b3c7f000 rwxp 00000000 00:00 0 
b3c7f000-b6a3f000 rwxp 00000000 00:00 0 
b6a3f000-b6a52000 r-xp 00000000 08:33 267021     /lib/libnsl-2.12.1.so
b6a52000-b6a53000 r-xp 00012000 08:33 267021     /lib/libnsl-2.12.1.so
b6a53000-b6a54000 rwxp 00013000 08:33 267021     /lib/libnsl-2.12.1.so
b6a54000-b6a56000 rwxp 00000000 00:00 0 
b6a67000-b6a76000 r-xp 00000000 08:33 1251871    /opt/sun-jdk-1.6.0.23/jre/lib/i386/libzip.so
b6a76000-b6a78000 rwxp 0000e000 08:33 1251871    /opt/sun-jdk-1.6.0.23/jre/lib/i386/libzip.so
b6a78000-b6a82000 r-xp 00000000 08:33 267013     /lib/libnss_files-2.12.1.so
b6a82000-b6a83000 r-xp 00009000 08:33 267013     /lib/libnss_files-2.12.1.so
b6a83000-b6a84000 rwxp 0000a000 08:33 267013     /lib/libnss_files-2.12.1.so
b6a84000-b6a8d000 r-xp 00000000 08:33 267025     /lib/libnss_nis-2.12.1.so
b6a8d000-b6a8e000 r-xp 00008000 08:33 267025     /lib/libnss_nis-2.12.1.so
b6a8e000-b6a8f000 rwxp 00009000 08:33 267025     /lib/libnss_nis-2.12.1.so
b6a8f000-b6a95000 r-xp 00000000 08:33 1251912    /opt/sun-jdk-1.6.0.23/jre/lib/i386/native_threads/libhpi.so
b6a95000-b6a96000 rwxp 00006000 08:33 1251912    /opt/sun-jdk-1.6.0.23/jre/lib/i386/native_threads/libhpi.so
b6a96000-b6a97000 rwxp 00000000 00:00 0 
b6a97000-b6a98000 r-xp 00000000 00:00 0 
b6a98000-b6a9f000 r-xp 00000000 08:33 266943     /lib/librt-2.12.1.so
b6a9f000-b6aa0000 r-xp 00006000 08:33 266943     /lib/librt-2.12.1.so
b6aa0000-b6aa1000 rwxp 00007000 08:33 266943     /lib/librt-2.12.1.so
b6aa1000-b6aa4000 ---p 00000000 00:00 0 
b6aa4000-b6af2000 rwxp 00000000 00:00 0 
b6af2000-b6b16000 r-xp 00000000 08:33 267061     /lib/libm-2.12.1.so
b6b16000-b6b17000 r-xp 00023000 08:33 267061     /lib/libm-2.12.1.so
b6b17000-b6b18000 rwxp 00024000 08:33 267061     /lib/libm-2.12.1.so
b6b18000-b727d000 r-xp 00000000 08:33 1251917    /opt/sun-jdk-1.6.0.23/jre/lib/i386/server/libjvm.so
b727d000-b72d0000 rwxp 00765000 08:33 1251917    /opt/sun-jdk-1.6.0.23/jre/lib/i386/server/libjvm.so
b72d0000-b76ef000 rwxp 00000000 00:00 0 
b76ef000-b7843000 r-xp 00000000 08:33 267042     /lib/libc-2.12.1.so
b7843000-b7845000 r-xp 00154000 08:33 267042     /lib/libc-2.12.1.so
b7845000-b7846000 rwxp 00156000 08:33 267042     /lib/libc-2.12.1.so
b7846000-b784a000 rwxp 00000000 00:00 0 
b784a000-b784c000 r-xp 00000000 08:33 267044     /lib/libdl-2.12.1.so
b784c000-b784d000 r-xp 00001000 08:33 267044     /lib/libdl-2.12.1.so
b784d000-b784e000 rwxp 00002000 08:33 267044     /lib/libdl-2.12.1.so
b784e000-b7855000 r-xp 00000000 08:33 1251907    /opt/sun-jdk-1.6.0.23/jre/lib/i386/jli/libjli.so
b7855000-b7857000 rwxp 00006000 08:33 1251907    /opt/sun-jdk-1.6.0.23/jre/lib/i386/jli/libjli.so
b7857000-b786c000 r-xp 00000000 08:33 267046     /lib/libpthread-2.12.1.so
b786c000-b786d000 r-xp 00014000 08:33 267046     /lib/libpthread-2.12.1.so
b786d000-b786e000 rwxp 00015000 08:33 267046     /lib/libpthread-2.12.1.so
b786e000-b7870000 rwxp 00000000 00:00 0 
b7871000-b7879000 rwxs 00000000 08:33 1149317    /tmp/hsperfdata_fon/3842
b7879000-b787f000 r-xp 00000000 08:33 267014     /lib/libnss_compat-2.12.1.so
b787f000-b7880000 r-xp 00006000 08:33 267014     /lib/libnss_compat-2.12.1.so
b7880000-b7881000 rwxp 00007000 08:33 267014     /lib/libnss_compat-2.12.1.so
b7881000-b78a4000 r-xp 00000000 08:33 1251925    /opt/sun-jdk-1.6.0.23/jre/lib/i386/libjava.so
b78a4000-b78a6000 rwxp 00023000 08:33 1251925    /opt/sun-jdk-1.6.0.23/jre/lib/i386/libjava.so
b78a6000-b78b1000 r-xp 00000000 08:33 1251923    /opt/sun-jdk-1.6.0.23/jre/lib/i386/libverify.so
b78b1000-b78b2000 rwxp 0000b000 08:33 1251923    /opt/sun-jdk-1.6.0.23/jre/lib/i386/libverify.so
b78b2000-b78b3000 rwxp 00000000 00:00 0 
b78b3000-b78cf000 r-xp 00000000 08:33 267045     /lib/ld-2.12.1.so
b78cf000-b78d0000 r-xp 00000000 00:00 0          [vdso]
b78d0000-b78d1000 r-xp 0001c000 08:33 267045     /lib/ld-2.12.1.so
b78d1000-b78d2000 rwxp 0001d000 08:33 267045     /lib/ld-2.12.1.so
bf876000-bf898000 rwxp 00000000 00:00 0          [stack]

VM Arguments:
jvm_args: -Dvce.launchers=org.eclipse.ve.internal.java.vce.launcher.remotevm.JFCLauncher -Dvce.launcher.class=edu.aueb.cs.uw.Board -Dfile.encoding=UTF-8 -Xbootclasspath:/opt/android-sdk-update-manager/platforms/android-7/android.jar 
java_command: org.eclipse.ve.internal.java.vce.launcher.remotevm.JavaBeansLauncher
Launcher Type: SUN_STANDARD

Environment Variables:
JAVA_HOME=/etc/java-config-2/current-system-vm
CLASSPATH=.
PATH=/usr/local/bin:/usr/bin:/bin:/opt/bin:/usr/i486-pc-linux-gnu/gcc-bin/4.1.2:/usr/i686-pc-linux-gnu/gcc-bin/4.4.5:/opt/sun-jdk-1.4.2.19/bin:/opt/sun-jdk-1.4.2.19/jre/bin:/opt/sun-jdk-1.4.2.19/jre/javaws:/usr/kde/3.5/bin:/usr/qt/3/bin:/opt/android-sdk-update-manager/tools:/opt/android-sdk-update-manager/platform-tools:/usr/lib/subversion/bin:/usr/games/bin:/opt/real/RealPlayer
LD_LIBRARY_PATH=/opt/sun-jdk-1.6.0.23/jre/lib/i386/server:/opt/sun-jdk-1.6.0.23/jre/lib/i386:/opt/sun-jdk-1.6.0.23/jre/../lib/i386::/usr/lib:/usr/lib/xulrunner-devel-1.9.2
SHELL=/bin/bash
DISPLAY=:0

Signal Handlers:
SIGSEGV: [libjvm.so+0x6e1a10], sa_mask[0]=0x7ffbfeff, sa_flags=0x10000004
SIGBUS: [libjvm.so+0x6e1a10], sa_mask[0]=0x7ffbfeff, sa_flags=0x10000004
SIGFPE: [libjvm.so+0x5a37a0], sa_mask[0]=0x7ffbfeff, sa_flags=0x10000004
SIGPIPE: [libjvm.so+0x5a37a0], sa_mask[0]=0x7ffbfeff, sa_flags=0x10000004
SIGXFSZ: [libjvm.so+0x5a37a0], sa_mask[0]=0x7ffbfeff, sa_flags=0x10000004
SIGILL: [libjvm.so+0x5a37a0], sa_mask[0]=0x7ffbfeff, sa_flags=0x10000004
SIGUSR1: SIG_DFL, sa_mask[0]=0x00000000, sa_flags=0x00000000
SIGUSR2: [libjvm.so+0x5a6780], sa_mask[0]=0x00000004, sa_flags=0x10000004
SIGHUP: SIG_DFL, sa_mask[0]=0x00000000, sa_flags=0x00000000
SIGINT: SIG_DFL, sa_mask[0]=0x00000000, sa_flags=0x00000000
SIGTERM: SIG_DFL, sa_mask[0]=0x00000000, sa_flags=0x00000000
SIGQUIT: SIG_DFL, sa_mask[0]=0x00000000, sa_flags=0x00000000


---------------  S Y S T E M  ---------------

OS:Gentoo Base System release 2.0.1-r1

uname:Linux 2.6.36-gentoo #4 SMP Fri Oct 22 00:46:47 EEST 2010 i686
libc:glibc 2.12.1 NPTL 2.12.1 
rlimit: STACK 8192k, CORE 0k, NPROC 26332, NOFILE 1024, AS infinity
load average:2.85 3.38 2.75

/proc/meminfo:
MemTotal:        3370920 kB
MemFree:          212504 kB
Buffers:          207908 kB
Cached:           762992 kB
SwapCached:          596 kB
Active:          2043508 kB
Inactive:         970356 kB
Active(anon):    1520904 kB
Inactive(anon):   563036 kB
Active(file):     522604 kB
Inactive(file):   407320 kB
Unevictable:           8 kB
Mlocked:               8 kB
HighTotal:       2497992 kB
HighFree:          13040 kB
LowTotal:         872928 kB
LowFree:          199464 kB
SwapTotal:        506040 kB
SwapFree:         452184 kB
Dirty:             61904 kB
Writeback:             0 kB
AnonPages:       2042520 kB
Mapped:           157748 kB
Shmem:             40972 kB
Slab:              89112 kB
SReclaimable:      59940 kB
SUnreclaim:        29172 kB
KernelStack:        4656 kB
PageTables:        13076 kB
NFS_Unstable:          0 kB
Bounce:                0 kB
WritebackTmp:          0 kB
CommitLimit:     2191500 kB
Committed_AS:    6575536 kB
VmallocTotal:     122880 kB
VmallocUsed:       47656 kB
VmallocChunk:      58876 kB
HugePages_Total:       0
HugePages_Free:        0
HugePages_Rsvd:        0
HugePages_Surp:        0
Hugepagesize:       4096 kB
DirectMap4k:      864248 kB
DirectMap4M:       45056 kB


CPU:total 4 (4 cores per cpu, 1 threads per core) family 6 model 23 stepping 10, cmov, cx8, fxsr, mmx, sse, sse2, sse3, ssse3, sse4.1

Memory: 4k page, physical 3370920k(212504k free), swap 506040k(452184k free)

vm_info: Java HotSpot(TM) Server VM (19.0-b09) for linux-x86 JRE (1.6.0_23-b05), built on Nov 12 2010 14:07:22 by "java_re" with gcc 3.2.1-7a (J2SE release)

time: Thu Dec 23 11:00:15 2010
elapsed time: 0 seconds

