#
# A fatal error has been detected by the Java Runtime Environment:
#
#  Internal Error (classFileParser.cpp:3375), pid=27347, tid=3063569264
#  Error: ShouldNotReachHere()
#
# JRE version: 6.0_23-b05
# Java VM: Java HotSpot(TM) Server VM (19.0-b09 mixed mode linux-x86 )
# If you would like to submit a bug report, please visit:
#   http://java.sun.com/webapps/bugreport/crash.jsp
#

---------------  T H R E A D  ---------------

Current thread (0x09f32400):  JavaThread "Unknown thread" [_thread_in_vm, id=27352, stack(0xb6955000,0xb69a6000)]

Stack: [0xb6955000,0xb69a6000],  sp=0xb69a4800,  free space=318k
Native frames: (J=compiled Java code, j=interpreted, Vv=VM code, C=native code)
V  [libjvm.so+0x6e0e00]
V  [libjvm.so+0x2d647f]
V  [libjvm.so+0x26ff9a]
V  [libjvm.so+0x275e21]
V  [libjvm.so+0x67386f]
V  [libjvm.so+0x671af5]
V  [libjvm.so+0x6709b6]
V  [libjvm.so+0x670660]
V  [libjvm.so+0x674fca]
V  [libjvm.so+0x67505c]
V  [libjvm.so+0x675120]
V  [libjvm.so+0x674f09]
V  [libjvm.so+0x6ba64a]
V  [libjvm.so+0x6bbcdf]
V  [libjvm.so+0x3939d8]
V  [libjvm.so+0x6a3c6d]
V  [libjvm.so+0x3eb926]
C  [java+0x405c]
C  [java+0x2942]  JavaMain+0x72
C  [libpthread.so.0+0x5cf3]


---------------  P R O C E S S  ---------------

Java Threads: ( => current thread )

Other Threads:

=>0x09f32400 (exited) JavaThread "Unknown thread" [_thread_in_vm, id=27352, stack(0xb6955000,0xb69a6000)]

VM state:not at safepoint (not fully initialized)

VM Mutex/Monitor currently owned by a thread: None

Dynamic libraries:
08047000-08052000 r-xp 00000000 08:33 2193673    /opt/sun-jdk-1.6.0.23/bin/java
08052000-08053000 rwxp 0000a000 08:33 2193673    /opt/sun-jdk-1.6.0.23/bin/java
09f2c000-09f4d000 rwxp 00000000 00:00 0          [heap]
7b9a1000-7ba00000 r-xs 00492000 08:33 2126290    /opt/android-sdk-update-manager/platforms/android-7/android.jar
7ba00000-7ba4c000 rwxp 00000000 00:00 0 
7ba4c000-7bb00000 ---p 00000000 00:00 0 
7bb3c000-7bb3d000 ---p 00000000 00:00 0 
7bb3d000-7bbbd000 rwxp 00000000 00:00 0 
7bbbd000-7bbbe000 ---p 00000000 00:00 0 
7bbbe000-7bc3e000 rwxp 00000000 00:00 0 
7bc3e000-7bc3f000 ---p 00000000 00:00 0 
7bc3f000-7bcbf000 rwxp 00000000 00:00 0 
7bcbf000-7bcc0000 ---p 00000000 00:00 0 
7bcc0000-7bd48000 rwxp 00000000 00:00 0 
7bd48000-7bd60000 rwxp 00000000 00:00 0 
7bd60000-7bd72000 rwxp 00000000 00:00 0 
7bd72000-7be73000 rwxp 00000000 00:00 0 
7be73000-7be7b000 rwxp 00000000 00:00 0 
7be7b000-7be93000 rwxp 00000000 00:00 0 
7be93000-7bea5000 rwxp 00000000 00:00 0 
7bea5000-7bfa5000 rwxp 00000000 00:00 0 
7bfa5000-7bfaf000 rwxp 00000000 00:00 0 
7bfaf000-7c02f000 rwxp 00000000 00:00 0 
7c02f000-7d030000 rwxp 00000000 00:00 0 
7d030000-80030000 rwxp 00000000 00:00 0 
80030000-82280000 rwxp 00000000 00:00 0 
82280000-a2590000 rwxp 00000000 00:00 0 
a2590000-a36b0000 rwxp 00000000 00:00 0 
a36b0000-b3830000 rwxp 00000000 00:00 0 
b3833000-b383c000 rwxp 00000000 00:00 0 
b383c000-b38f3000 rwxp 00000000 00:00 0 
b38f3000-b3b33000 rwxp 00000000 00:00 0 
b3b33000-b68f3000 rwxp 00000000 00:00 0 
b68f3000-b6906000 r-xp 00000000 08:33 267021     /lib/libnsl-2.12.1.so
b6906000-b6907000 r-xp 00012000 08:33 267021     /lib/libnsl-2.12.1.so
b6907000-b6908000 rwxp 00013000 08:33 267021     /lib/libnsl-2.12.1.so
b6908000-b690a000 rwxp 00000000 00:00 0 
b691b000-b692a000 r-xp 00000000 08:33 1251871    /opt/sun-jdk-1.6.0.23/jre/lib/i386/libzip.so
b692a000-b692c000 rwxp 0000e000 08:33 1251871    /opt/sun-jdk-1.6.0.23/jre/lib/i386/libzip.so
b692c000-b6936000 r-xp 00000000 08:33 267013     /lib/libnss_files-2.12.1.so
b6936000-b6937000 r-xp 00009000 08:33 267013     /lib/libnss_files-2.12.1.so
b6937000-b6938000 rwxp 0000a000 08:33 267013     /lib/libnss_files-2.12.1.so
b6938000-b6941000 r-xp 00000000 08:33 267025     /lib/libnss_nis-2.12.1.so
b6941000-b6942000 r-xp 00008000 08:33 267025     /lib/libnss_nis-2.12.1.so
b6942000-b6943000 rwxp 00009000 08:33 267025     /lib/libnss_nis-2.12.1.so
b6943000-b6949000 r-xp 00000000 08:33 1251912    /opt/sun-jdk-1.6.0.23/jre/lib/i386/native_threads/libhpi.so
b6949000-b694a000 rwxp 00006000 08:33 1251912    /opt/sun-jdk-1.6.0.23/jre/lib/i386/native_threads/libhpi.so
b694a000-b694b000 rwxp 00000000 00:00 0 
b694b000-b694c000 r-xp 00000000 00:00 0 
b694c000-b6953000 r-xp 00000000 08:33 266943     /lib/librt-2.12.1.so
b6953000-b6954000 r-xp 00006000 08:33 266943     /lib/librt-2.12.1.so
b6954000-b6955000 rwxp 00007000 08:33 266943     /lib/librt-2.12.1.so
b6955000-b6958000 ---p 00000000 00:00 0 
b6958000-b69a6000 rwxp 00000000 00:00 0 
b69a6000-b69ca000 r-xp 00000000 08:33 267061     /lib/libm-2.12.1.so
b69ca000-b69cb000 r-xp 00023000 08:33 267061     /lib/libm-2.12.1.so
b69cb000-b69cc000 rwxp 00024000 08:33 267061     /lib/libm-2.12.1.so
b69cc000-b7131000 r-xp 00000000 08:33 1251917    /opt/sun-jdk-1.6.0.23/jre/lib/i386/server/libjvm.so
b7131000-b7184000 rwxp 00765000 08:33 1251917    /opt/sun-jdk-1.6.0.23/jre/lib/i386/server/libjvm.so
b7184000-b75a3000 rwxp 00000000 00:00 0 
b75a3000-b76f7000 r-xp 00000000 08:33 267042     /lib/libc-2.12.1.so
b76f7000-b76f9000 r-xp 00154000 08:33 267042     /lib/libc-2.12.1.so
b76f9000-b76fa000 rwxp 00156000 08:33 267042     /lib/libc-2.12.1.so
b76fa000-b76fe000 rwxp 00000000 00:00 0 
b76fe000-b7700000 r-xp 00000000 08:33 267044     /lib/libdl-2.12.1.so
b7700000-b7701000 r-xp 00001000 08:33 267044     /lib/libdl-2.12.1.so
b7701000-b7702000 rwxp 00002000 08:33 267044     /lib/libdl-2.12.1.so
b7702000-b7709000 r-xp 00000000 08:33 1251907    /opt/sun-jdk-1.6.0.23/jre/lib/i386/jli/libjli.so
b7709000-b770b000 rwxp 00006000 08:33 1251907    /opt/sun-jdk-1.6.0.23/jre/lib/i386/jli/libjli.so
b770b000-b7720000 r-xp 00000000 08:33 267046     /lib/libpthread-2.12.1.so
b7720000-b7721000 r-xp 00014000 08:33 267046     /lib/libpthread-2.12.1.so
b7721000-b7722000 rwxp 00015000 08:33 267046     /lib/libpthread-2.12.1.so
b7722000-b7724000 rwxp 00000000 00:00 0 
b7725000-b772d000 rwxs 00000000 08:33 1181735    /tmp/hsperfdata_fon/27347
b772d000-b7733000 r-xp 00000000 08:33 267014     /lib/libnss_compat-2.12.1.so
b7733000-b7734000 r-xp 00006000 08:33 267014     /lib/libnss_compat-2.12.1.so
b7734000-b7735000 rwxp 00007000 08:33 267014     /lib/libnss_compat-2.12.1.so
b7735000-b7758000 r-xp 00000000 08:33 1251925    /opt/sun-jdk-1.6.0.23/jre/lib/i386/libjava.so
b7758000-b775a000 rwxp 00023000 08:33 1251925    /opt/sun-jdk-1.6.0.23/jre/lib/i386/libjava.so
b775a000-b7765000 r-xp 00000000 08:33 1251923    /opt/sun-jdk-1.6.0.23/jre/lib/i386/libverify.so
b7765000-b7766000 rwxp 0000b000 08:33 1251923    /opt/sun-jdk-1.6.0.23/jre/lib/i386/libverify.so
b7766000-b7767000 rwxp 00000000 00:00 0 
b7767000-b7783000 r-xp 00000000 08:33 267045     /lib/ld-2.12.1.so
b7783000-b7784000 r-xp 00000000 00:00 0          [vdso]
b7784000-b7785000 r-xp 0001c000 08:33 267045     /lib/ld-2.12.1.so
b7785000-b7786000 rwxp 0001d000 08:33 267045     /lib/ld-2.12.1.so
bfb7e000-bfba0000 rwxp 00000000 00:00 0          [stack]

VM Arguments:
jvm_args: -Dvce.launchers=org.eclipse.ve.internal.java.vce.launcher.remotevm.JFCLauncher -Dvce.launcher.class=edu.aueb.cs.uw.Upwords -Dfile.encoding=UTF-8 -Xbootclasspath:/opt/android-sdk-update-manager/platforms/android-7/android.jar 
java_command: org.eclipse.ve.internal.java.vce.launcher.remotevm.JavaBeansLauncher
Launcher Type: SUN_STANDARD

Environment Variables:
JAVA_HOME=/etc/java-config-2/current-system-vm
CLASSPATH=.
PATH=/usr/local/bin:/usr/bin:/bin:/opt/bin:/usr/i486-pc-linux-gnu/gcc-bin/4.1.2:/usr/i686-pc-linux-gnu/gcc-bin/4.4.5:/opt/sun-jdk-1.4.2.19/bin:/opt/sun-jdk-1.4.2.19/jre/bin:/opt/sun-jdk-1.4.2.19/jre/javaws:/usr/kde/3.5/bin:/usr/qt/3/bin://opt/android-sdk-update-manager/tools:/usr/lib/subversion/bin:/usr/games/bin:/opt/real/RealPlayer
LD_LIBRARY_PATH=/opt/sun-jdk-1.6.0.23/jre/lib/i386/server:/opt/sun-jdk-1.6.0.23/jre/lib/i386:/opt/sun-jdk-1.6.0.23/jre/../lib/i386::/usr/lib:/usr/lib/xulrunner-devel-1.9.2
SHELL=/bin/bash
DISPLAY=:0

Signal Handlers:
SIGSEGV: [libjvm.so+0x6e1a10], sa_mask[0]=0x7ffbfeff, sa_flags=0x10000004
SIGBUS: [libjvm.so+0x6e1a10], sa_mask[0]=0x7ffbfeff, sa_flags=0x10000004
SIGFPE: [libjvm.so+0x5a37a0], sa_mask[0]=0x7ffbfeff, sa_flags=0x10000004
SIGPIPE: [libjvm.so+0x5a37a0], sa_mask[0]=0x7ffbfeff, sa_flags=0x10000004
SIGXFSZ: [libjvm.so+0x5a37a0], sa_mask[0]=0x7ffbfeff, sa_flags=0x10000004
SIGILL: [libjvm.so+0x5a37a0], sa_mask[0]=0x7ffbfeff, sa_flags=0x10000004
SIGUSR1: SIG_DFL, sa_mask[0]=0x00000000, sa_flags=0x00000000
SIGUSR2: [libjvm.so+0x5a6780], sa_mask[0]=0x00000004, sa_flags=0x10000004
SIGHUP: SIG_DFL, sa_mask[0]=0x00000000, sa_flags=0x00000000
SIGINT: SIG_DFL, sa_mask[0]=0x00000000, sa_flags=0x00000000
SIGTERM: SIG_DFL, sa_mask[0]=0x00000000, sa_flags=0x00000000
SIGQUIT: SIG_DFL, sa_mask[0]=0x00000000, sa_flags=0x00000000


---------------  S Y S T E M  ---------------

OS:Gentoo Base System release 2.0.1-r1

uname:Linux 2.6.36-gentoo #4 SMP Fri Oct 22 00:46:47 EEST 2010 i686
libc:glibc 2.12.1 NPTL 2.12.1 
rlimit: STACK 8192k, CORE 0k, NPROC 26332, NOFILE 1024, AS infinity
load average:1.33 1.18 1.15

/proc/meminfo:
MemTotal:        3370920 kB
MemFree:         1040024 kB
Buffers:           28500 kB
Cached:           441912 kB
SwapCached:        18092 kB
Active:          1308552 kB
Inactive:         918772 kB
Active(anon):    1144640 kB
Inactive(anon):   651416 kB
Active(file):     163912 kB
Inactive(file):   267356 kB
Unevictable:           8 kB
Mlocked:               8 kB
HighTotal:       2497992 kB
HighFree:         464032 kB
LowTotal:         872928 kB
LowFree:          575992 kB
SwapTotal:        506040 kB
SwapFree:         209100 kB
Dirty:               256 kB
Writeback:             0 kB
AnonPages:       1739520 kB
Mapped:           133248 kB
Shmem:             39144 kB
Slab:              46868 kB
SReclaimable:      26096 kB
SUnreclaim:        20772 kB
KernelStack:        3928 kB
PageTables:        12456 kB
NFS_Unstable:          0 kB
Bounce:                0 kB
WritebackTmp:          0 kB
CommitLimit:     2191500 kB
Committed_AS:    5576592 kB
VmallocTotal:     122880 kB
VmallocUsed:       47716 kB
VmallocChunk:      58876 kB
HugePages_Total:       0
HugePages_Free:        0
HugePages_Rsvd:        0
HugePages_Surp:        0
Hugepagesize:       4096 kB
DirectMap4k:      798712 kB
DirectMap4M:      110592 kB


CPU:total 4 (4 cores per cpu, 1 threads per core) family 6 model 23 stepping 10, cmov, cx8, fxsr, mmx, sse, sse2, sse3, ssse3, sse4.1

Memory: 4k page, physical 3370920k(1040024k free), swap 506040k(209100k free)

vm_info: Java HotSpot(TM) Server VM (19.0-b09) for linux-x86 JRE (1.6.0_23-b05), built on Nov 12 2010 14:07:22 by "java_re" with gcc 3.2.1-7a (J2SE release)

time: Fri Dec 17 14:30:57 2010
elapsed time: 0 seconds

