#
# A fatal error has been detected by the Java Runtime Environment:
#
#  Internal Error (classFileParser.cpp:3375), pid=29691, tid=3064560496
#  Error: ShouldNotReachHere()
#
# JRE version: 6.0_23-b05
# Java VM: Java HotSpot(TM) Server VM (19.0-b09 mixed mode linux-x86 )
# If you would like to submit a bug report, please visit:
#   http://java.sun.com/webapps/bugreport/crash.jsp
#

---------------  T H R E A D  ---------------

Current thread (0x08bb6400):  JavaThread "Unknown thread" [_thread_in_vm, id=29696, stack(0xb6a47000,0xb6a98000)]

Stack: [0xb6a47000,0xb6a98000],  sp=0xb6a96800,  free space=318k
Native frames: (J=compiled Java code, j=interpreted, Vv=VM code, C=native code)
V  [libjvm.so+0x6e0e00]
V  [libjvm.so+0x2d647f]
V  [libjvm.so+0x26ff9a]
V  [libjvm.so+0x275e21]
V  [libjvm.so+0x67386f]
V  [libjvm.so+0x671af5]
V  [libjvm.so+0x6709b6]
V  [libjvm.so+0x670660]
V  [libjvm.so+0x674fca]
V  [libjvm.so+0x67505c]
V  [libjvm.so+0x675120]
V  [libjvm.so+0x674f09]
V  [libjvm.so+0x6ba64a]
V  [libjvm.so+0x6bbcdf]
V  [libjvm.so+0x3939d8]
V  [libjvm.so+0x6a3c6d]
V  [libjvm.so+0x3eb926]
C  [java+0x405c]
C  [java+0x2942]  JavaMain+0x72
C  [libpthread.so.0+0x5cf3]


---------------  P R O C E S S  ---------------

Java Threads: ( => current thread )

Other Threads:

=>0x08bb6400 (exited) JavaThread "Unknown thread" [_thread_in_vm, id=29696, stack(0xb6a47000,0xb6a98000)]

VM state:not at safepoint (not fully initialized)

VM Mutex/Monitor currently owned by a thread: None

Dynamic libraries:
08047000-08052000 r-xp 00000000 08:33 2193673    /opt/sun-jdk-1.6.0.23/bin/java
08052000-08053000 rwxp 0000a000 08:33 2193673    /opt/sun-jdk-1.6.0.23/bin/java
08bb0000-08c18000 rwxp 00000000 00:00 0          [heap]
7bbcd000-7bc2c000 r-xs 00492000 08:33 2126290    /opt/android-sdk-update-manager/platforms/android-7/android.jar
7bc2c000-7bc2d000 ---p 00000000 00:00 0 
7bc2d000-7bcad000 rwxp 00000000 00:00 0 
7bcad000-7bcae000 ---p 00000000 00:00 0 
7bcae000-7bd2e000 rwxp 00000000 00:00 0 
7bd2e000-7bd2f000 ---p 00000000 00:00 0 
7bd2f000-7bdaf000 rwxp 00000000 00:00 0 
7bdaf000-7bdb0000 ---p 00000000 00:00 0 
7bdb0000-7be38000 rwxp 00000000 00:00 0 
7be38000-7be50000 rwxp 00000000 00:00 0 
7be50000-7be62000 rwxp 00000000 00:00 0 
7be62000-7bf63000 rwxp 00000000 00:00 0 
7bf63000-7bf6b000 rwxp 00000000 00:00 0 
7bf6b000-7bf83000 rwxp 00000000 00:00 0 
7bf83000-7bf95000 rwxp 00000000 00:00 0 
7bf95000-7c095000 rwxp 00000000 00:00 0 
7c095000-7c09f000 rwxp 00000000 00:00 0 
7c09f000-7c11f000 rwxp 00000000 00:00 0 
7c11f000-7d120000 rwxp 00000000 00:00 0 
7d120000-80120000 rwxp 00000000 00:00 0 
80120000-82370000 rwxp 00000000 00:00 0 
82370000-a2680000 rwxp 00000000 00:00 0 
a2680000-a37a0000 rwxp 00000000 00:00 0 
a37a0000-b3920000 rwxp 00000000 00:00 0 
b3925000-b392e000 rwxp 00000000 00:00 0 
b392e000-b39e5000 rwxp 00000000 00:00 0 
b39e5000-b3c25000 rwxp 00000000 00:00 0 
b3c25000-b69e5000 rwxp 00000000 00:00 0 
b69e5000-b69f8000 r-xp 00000000 08:33 267021     /lib/libnsl-2.12.1.so
b69f8000-b69f9000 r-xp 00012000 08:33 267021     /lib/libnsl-2.12.1.so
b69f9000-b69fa000 rwxp 00013000 08:33 267021     /lib/libnsl-2.12.1.so
b69fa000-b69fc000 rwxp 00000000 00:00 0 
b6a0d000-b6a1c000 r-xp 00000000 08:33 1251871    /opt/sun-jdk-1.6.0.23/jre/lib/i386/libzip.so
b6a1c000-b6a1e000 rwxp 0000e000 08:33 1251871    /opt/sun-jdk-1.6.0.23/jre/lib/i386/libzip.so
b6a1e000-b6a28000 r-xp 00000000 08:33 267013     /lib/libnss_files-2.12.1.so
b6a28000-b6a29000 r-xp 00009000 08:33 267013     /lib/libnss_files-2.12.1.so
b6a29000-b6a2a000 rwxp 0000a000 08:33 267013     /lib/libnss_files-2.12.1.so
b6a2a000-b6a33000 r-xp 00000000 08:33 267025     /lib/libnss_nis-2.12.1.so
b6a33000-b6a34000 r-xp 00008000 08:33 267025     /lib/libnss_nis-2.12.1.so
b6a34000-b6a35000 rwxp 00009000 08:33 267025     /lib/libnss_nis-2.12.1.so
b6a35000-b6a3b000 r-xp 00000000 08:33 1251912    /opt/sun-jdk-1.6.0.23/jre/lib/i386/native_threads/libhpi.so
b6a3b000-b6a3c000 rwxp 00006000 08:33 1251912    /opt/sun-jdk-1.6.0.23/jre/lib/i386/native_threads/libhpi.so
b6a3c000-b6a3d000 rwxp 00000000 00:00 0 
b6a3d000-b6a3e000 r-xp 00000000 00:00 0 
b6a3e000-b6a45000 r-xp 00000000 08:33 266943     /lib/librt-2.12.1.so
b6a45000-b6a46000 r-xp 00006000 08:33 266943     /lib/librt-2.12.1.so
b6a46000-b6a47000 rwxp 00007000 08:33 266943     /lib/librt-2.12.1.so
b6a47000-b6a4a000 ---p 00000000 00:00 0 
b6a4a000-b6a98000 rwxp 00000000 00:00 0 
b6a98000-b6abc000 r-xp 00000000 08:33 267061     /lib/libm-2.12.1.so
b6abc000-b6abd000 r-xp 00023000 08:33 267061     /lib/libm-2.12.1.so
b6abd000-b6abe000 rwxp 00024000 08:33 267061     /lib/libm-2.12.1.so
b6abe000-b7223000 r-xp 00000000 08:33 1251917    /opt/sun-jdk-1.6.0.23/jre/lib/i386/server/libjvm.so
b7223000-b7276000 rwxp 00765000 08:33 1251917    /opt/sun-jdk-1.6.0.23/jre/lib/i386/server/libjvm.so
b7276000-b7695000 rwxp 00000000 00:00 0 
b7695000-b77e9000 r-xp 00000000 08:33 267042     /lib/libc-2.12.1.so
b77e9000-b77eb000 r-xp 00154000 08:33 267042     /lib/libc-2.12.1.so
b77eb000-b77ec000 rwxp 00156000 08:33 267042     /lib/libc-2.12.1.so
b77ec000-b77f0000 rwxp 00000000 00:00 0 
b77f0000-b77f2000 r-xp 00000000 08:33 267044     /lib/libdl-2.12.1.so
b77f2000-b77f3000 r-xp 00001000 08:33 267044     /lib/libdl-2.12.1.so
b77f3000-b77f4000 rwxp 00002000 08:33 267044     /lib/libdl-2.12.1.so
b77f4000-b77fb000 r-xp 00000000 08:33 1251907    /opt/sun-jdk-1.6.0.23/jre/lib/i386/jli/libjli.so
b77fb000-b77fd000 rwxp 00006000 08:33 1251907    /opt/sun-jdk-1.6.0.23/jre/lib/i386/jli/libjli.so
b77fd000-b7812000 r-xp 00000000 08:33 267046     /lib/libpthread-2.12.1.so
b7812000-b7813000 r-xp 00014000 08:33 267046     /lib/libpthread-2.12.1.so
b7813000-b7814000 rwxp 00015000 08:33 267046     /lib/libpthread-2.12.1.so
b7814000-b7816000 rwxp 00000000 00:00 0 
b7817000-b781f000 rwxs 00000000 08:33 1181736    /tmp/hsperfdata_fon/29691
b781f000-b7825000 r-xp 00000000 08:33 267014     /lib/libnss_compat-2.12.1.so
b7825000-b7826000 r-xp 00006000 08:33 267014     /lib/libnss_compat-2.12.1.so
b7826000-b7827000 rwxp 00007000 08:33 267014     /lib/libnss_compat-2.12.1.so
b7827000-b784a000 r-xp 00000000 08:33 1251925    /opt/sun-jdk-1.6.0.23/jre/lib/i386/libjava.so
b784a000-b784c000 rwxp 00023000 08:33 1251925    /opt/sun-jdk-1.6.0.23/jre/lib/i386/libjava.so
b784c000-b7857000 r-xp 00000000 08:33 1251923    /opt/sun-jdk-1.6.0.23/jre/lib/i386/libverify.so
b7857000-b7858000 rwxp 0000b000 08:33 1251923    /opt/sun-jdk-1.6.0.23/jre/lib/i386/libverify.so
b7858000-b7859000 rwxp 00000000 00:00 0 
b7859000-b7875000 r-xp 00000000 08:33 267045     /lib/ld-2.12.1.so
b7875000-b7876000 r-xp 00000000 00:00 0          [vdso]
b7876000-b7877000 r-xp 0001c000 08:33 267045     /lib/ld-2.12.1.so
b7877000-b7878000 rwxp 0001d000 08:33 267045     /lib/ld-2.12.1.so
bf9ee000-bfa10000 rwxp 00000000 00:00 0          [stack]

VM Arguments:
jvm_args: -Dvce.launchers=org.eclipse.ve.internal.java.vce.launcher.remotevm.JFCLauncher -Dvce.launcher.class=edu.aueb.cs.uw.Upwords -Dfile.encoding=UTF-8 -Xbootclasspath:/opt/android-sdk-update-manager/platforms/android-7/android.jar 
java_command: org.eclipse.ve.internal.java.vce.launcher.remotevm.JavaBeansLauncher
Launcher Type: SUN_STANDARD

Environment Variables:
JAVA_HOME=/etc/java-config-2/current-system-vm
CLASSPATH=.
PATH=/usr/local/bin:/usr/bin:/bin:/opt/bin:/usr/i486-pc-linux-gnu/gcc-bin/4.1.2:/usr/i686-pc-linux-gnu/gcc-bin/4.4.5:/opt/sun-jdk-1.4.2.19/bin:/opt/sun-jdk-1.4.2.19/jre/bin:/opt/sun-jdk-1.4.2.19/jre/javaws:/usr/kde/3.5/bin:/usr/qt/3/bin://opt/android-sdk-update-manager/tools:/usr/lib/subversion/bin:/usr/games/bin:/opt/real/RealPlayer
LD_LIBRARY_PATH=/opt/sun-jdk-1.6.0.23/jre/lib/i386/server:/opt/sun-jdk-1.6.0.23/jre/lib/i386:/opt/sun-jdk-1.6.0.23/jre/../lib/i386::/usr/lib:/usr/lib/xulrunner-devel-1.9.2
SHELL=/bin/bash
DISPLAY=:0

Signal Handlers:
SIGSEGV: [libjvm.so+0x6e1a10], sa_mask[0]=0x7ffbfeff, sa_flags=0x10000004
SIGBUS: [libjvm.so+0x6e1a10], sa_mask[0]=0x7ffbfeff, sa_flags=0x10000004
SIGFPE: [libjvm.so+0x5a37a0], sa_mask[0]=0x7ffbfeff, sa_flags=0x10000004
SIGPIPE: [libjvm.so+0x5a37a0], sa_mask[0]=0x7ffbfeff, sa_flags=0x10000004
SIGXFSZ: [libjvm.so+0x5a37a0], sa_mask[0]=0x7ffbfeff, sa_flags=0x10000004
SIGILL: [libjvm.so+0x5a37a0], sa_mask[0]=0x7ffbfeff, sa_flags=0x10000004
SIGUSR1: SIG_DFL, sa_mask[0]=0x00000000, sa_flags=0x00000000
SIGUSR2: [libjvm.so+0x5a6780], sa_mask[0]=0x00000004, sa_flags=0x10000004
SIGHUP: SIG_DFL, sa_mask[0]=0x00000000, sa_flags=0x00000000
SIGINT: SIG_DFL, sa_mask[0]=0x00000000, sa_flags=0x00000000
SIGTERM: SIG_DFL, sa_mask[0]=0x00000000, sa_flags=0x00000000
SIGQUIT: SIG_DFL, sa_mask[0]=0x00000000, sa_flags=0x00000000


---------------  S Y S T E M  ---------------

OS:Gentoo Base System release 2.0.1-r1

uname:Linux 2.6.36-gentoo #4 SMP Fri Oct 22 00:46:47 EEST 2010 i686
libc:glibc 2.12.1 NPTL 2.12.1 
rlimit: STACK 8192k, CORE 0k, NPROC 26332, NOFILE 1024, AS infinity
load average:0.98 1.09 1.14

/proc/meminfo:
MemTotal:        3370920 kB
MemFree:          804840 kB
Buffers:           38384 kB
Cached:           586852 kB
SwapCached:        18548 kB
Active:          1446700 kB
Inactive:        1014572 kB
Active(anon):    1220248 kB
Inactive(anon):   658688 kB
Active(file):     226452 kB
Inactive(file):   355884 kB
Unevictable:           8 kB
Mlocked:               8 kB
HighTotal:       2497992 kB
HighFree:         239964 kB
LowTotal:         872928 kB
LowFree:          564876 kB
SwapTotal:        506040 kB
SwapFree:         212328 kB
Dirty:               616 kB
Writeback:             0 kB
AnonPages:       1818196 kB
Mapped:           161112 kB
Shmem:             42900 kB
Slab:              47796 kB
SReclaimable:      26736 kB
SUnreclaim:        21060 kB
KernelStack:        4072 kB
PageTables:        13188 kB
NFS_Unstable:          0 kB
Bounce:                0 kB
WritebackTmp:          0 kB
CommitLimit:     2191500 kB
Committed_AS:    5944184 kB
VmallocTotal:     122880 kB
VmallocUsed:       47716 kB
VmallocChunk:      58876 kB
HugePages_Total:       0
HugePages_Free:        0
HugePages_Rsvd:        0
HugePages_Surp:        0
Hugepagesize:       4096 kB
DirectMap4k:      798712 kB
DirectMap4M:      110592 kB


CPU:total 4 (4 cores per cpu, 1 threads per core) family 6 model 23 stepping 10, cmov, cx8, fxsr, mmx, sse, sse2, sse3, ssse3, sse4.1

Memory: 4k page, physical 3370920k(804840k free), swap 506040k(212328k free)

vm_info: Java HotSpot(TM) Server VM (19.0-b09) for linux-x86 JRE (1.6.0_23-b05), built on Nov 12 2010 14:07:22 by "java_re" with gcc 3.2.1-7a (J2SE release)

time: Fri Dec 17 15:05:50 2010
elapsed time: 0 seconds

