#
# A fatal error has been detected by the Java Runtime Environment:
#
#  Internal Error (classFileParser.cpp:3375), pid=14484, tid=3064150896
#  Error: ShouldNotReachHere()
#
# JRE version: 6.0_23-b05
# Java VM: Java HotSpot(TM) Server VM (19.0-b09 mixed mode linux-x86 )
# If you would like to submit a bug report, please visit:
#   http://java.sun.com/webapps/bugreport/crash.jsp
#

---------------  T H R E A D  ---------------

Current thread (0x0888e400):  JavaThread "Unknown thread" [_thread_in_vm, id=14489, stack(0xb69e3000,0xb6a34000)]

Stack: [0xb69e3000,0xb6a34000],  sp=0xb6a32800,  free space=318k
Native frames: (J=compiled Java code, j=interpreted, Vv=VM code, C=native code)
V  [libjvm.so+0x6e0e00]
V  [libjvm.so+0x2d647f]
V  [libjvm.so+0x26ff9a]
V  [libjvm.so+0x275e21]
V  [libjvm.so+0x67386f]
V  [libjvm.so+0x671af5]
V  [libjvm.so+0x6709b6]
V  [libjvm.so+0x670660]
V  [libjvm.so+0x674fca]
V  [libjvm.so+0x67505c]
V  [libjvm.so+0x675120]
V  [libjvm.so+0x674f09]
V  [libjvm.so+0x6ba64a]
V  [libjvm.so+0x6bbcdf]
V  [libjvm.so+0x3939d8]
V  [libjvm.so+0x6a3c6d]
V  [libjvm.so+0x3eb926]
C  [java+0x405c]
C  [java+0x2942]  JavaMain+0x72
C  [libpthread.so.0+0x5cf3]


---------------  P R O C E S S  ---------------

Java Threads: ( => current thread )

Other Threads:

=>0x0888e400 (exited) JavaThread "Unknown thread" [_thread_in_vm, id=14489, stack(0xb69e3000,0xb6a34000)]

VM state:not at safepoint (not fully initialized)

VM Mutex/Monitor currently owned by a thread: None

Dynamic libraries:
08047000-08052000 r-xp 00000000 08:33 2193673    /opt/sun-jdk-1.6.0.23/bin/java
08052000-08053000 rwxp 0000a000 08:33 2193673    /opt/sun-jdk-1.6.0.23/bin/java
08888000-088f0000 rwxp 00000000 00:00 0          [heap]
7bb6d000-7bbcc000 r-xs 00492000 08:33 2126290    /opt/android-sdk-update-manager/platforms/android-7/android.jar
7bbcc000-7bbcd000 ---p 00000000 00:00 0 
7bbcd000-7bc4d000 rwxp 00000000 00:00 0 
7bc4d000-7bc4e000 ---p 00000000 00:00 0 
7bc4e000-7bcce000 rwxp 00000000 00:00 0 
7bcce000-7bccf000 ---p 00000000 00:00 0 
7bccf000-7bd4f000 rwxp 00000000 00:00 0 
7bd4f000-7bd50000 ---p 00000000 00:00 0 
7bd50000-7bdd8000 rwxp 00000000 00:00 0 
7bdd8000-7bdf0000 rwxp 00000000 00:00 0 
7bdf0000-7be02000 rwxp 00000000 00:00 0 
7be02000-7bf03000 rwxp 00000000 00:00 0 
7bf03000-7bf0b000 rwxp 00000000 00:00 0 
7bf0b000-7bf23000 rwxp 00000000 00:00 0 
7bf23000-7bf35000 rwxp 00000000 00:00 0 
7bf35000-7c035000 rwxp 00000000 00:00 0 
7c035000-7c03f000 rwxp 00000000 00:00 0 
7c03f000-7c0bf000 rwxp 00000000 00:00 0 
7c0bf000-7d0c0000 rwxp 00000000 00:00 0 
7d0c0000-800c0000 rwxp 00000000 00:00 0 
800c0000-82310000 rwxp 00000000 00:00 0 
82310000-a2620000 rwxp 00000000 00:00 0 
a2620000-a3740000 rwxp 00000000 00:00 0 
a3740000-b38c0000 rwxp 00000000 00:00 0 
b38c1000-b38ca000 rwxp 00000000 00:00 0 
b38ca000-b3981000 rwxp 00000000 00:00 0 
b3981000-b3bc1000 rwxp 00000000 00:00 0 
b3bc1000-b6981000 rwxp 00000000 00:00 0 
b6981000-b6994000 r-xp 00000000 08:33 267021     /lib/libnsl-2.12.1.so
b6994000-b6995000 r-xp 00012000 08:33 267021     /lib/libnsl-2.12.1.so
b6995000-b6996000 rwxp 00013000 08:33 267021     /lib/libnsl-2.12.1.so
b6996000-b6998000 rwxp 00000000 00:00 0 
b69a9000-b69b8000 r-xp 00000000 08:33 1251871    /opt/sun-jdk-1.6.0.23/jre/lib/i386/libzip.so
b69b8000-b69ba000 rwxp 0000e000 08:33 1251871    /opt/sun-jdk-1.6.0.23/jre/lib/i386/libzip.so
b69ba000-b69c4000 r-xp 00000000 08:33 267013     /lib/libnss_files-2.12.1.so
b69c4000-b69c5000 r-xp 00009000 08:33 267013     /lib/libnss_files-2.12.1.so
b69c5000-b69c6000 rwxp 0000a000 08:33 267013     /lib/libnss_files-2.12.1.so
b69c6000-b69cf000 r-xp 00000000 08:33 267025     /lib/libnss_nis-2.12.1.so
b69cf000-b69d0000 r-xp 00008000 08:33 267025     /lib/libnss_nis-2.12.1.so
b69d0000-b69d1000 rwxp 00009000 08:33 267025     /lib/libnss_nis-2.12.1.so
b69d1000-b69d7000 r-xp 00000000 08:33 1251912    /opt/sun-jdk-1.6.0.23/jre/lib/i386/native_threads/libhpi.so
b69d7000-b69d8000 rwxp 00006000 08:33 1251912    /opt/sun-jdk-1.6.0.23/jre/lib/i386/native_threads/libhpi.so
b69d8000-b69d9000 rwxp 00000000 00:00 0 
b69d9000-b69da000 r-xp 00000000 00:00 0 
b69da000-b69e1000 r-xp 00000000 08:33 266943     /lib/librt-2.12.1.so
b69e1000-b69e2000 r-xp 00006000 08:33 266943     /lib/librt-2.12.1.so
b69e2000-b69e3000 rwxp 00007000 08:33 266943     /lib/librt-2.12.1.so
b69e3000-b69e6000 ---p 00000000 00:00 0 
b69e6000-b6a34000 rwxp 00000000 00:00 0 
b6a34000-b6a58000 r-xp 00000000 08:33 267061     /lib/libm-2.12.1.so
b6a58000-b6a59000 r-xp 00023000 08:33 267061     /lib/libm-2.12.1.so
b6a59000-b6a5a000 rwxp 00024000 08:33 267061     /lib/libm-2.12.1.so
b6a5a000-b71bf000 r-xp 00000000 08:33 1251917    /opt/sun-jdk-1.6.0.23/jre/lib/i386/server/libjvm.so
b71bf000-b7212000 rwxp 00765000 08:33 1251917    /opt/sun-jdk-1.6.0.23/jre/lib/i386/server/libjvm.so
b7212000-b7631000 rwxp 00000000 00:00 0 
b7631000-b7785000 r-xp 00000000 08:33 267042     /lib/libc-2.12.1.so
b7785000-b7787000 r-xp 00154000 08:33 267042     /lib/libc-2.12.1.so
b7787000-b7788000 rwxp 00156000 08:33 267042     /lib/libc-2.12.1.so
b7788000-b778c000 rwxp 00000000 00:00 0 
b778c000-b778e000 r-xp 00000000 08:33 267044     /lib/libdl-2.12.1.so
b778e000-b778f000 r-xp 00001000 08:33 267044     /lib/libdl-2.12.1.so
b778f000-b7790000 rwxp 00002000 08:33 267044     /lib/libdl-2.12.1.so
b7790000-b7797000 r-xp 00000000 08:33 1251907    /opt/sun-jdk-1.6.0.23/jre/lib/i386/jli/libjli.so
b7797000-b7799000 rwxp 00006000 08:33 1251907    /opt/sun-jdk-1.6.0.23/jre/lib/i386/jli/libjli.so
b7799000-b77ae000 r-xp 00000000 08:33 267046     /lib/libpthread-2.12.1.so
b77ae000-b77af000 r-xp 00014000 08:33 267046     /lib/libpthread-2.12.1.so
b77af000-b77b0000 rwxp 00015000 08:33 267046     /lib/libpthread-2.12.1.so
b77b0000-b77b2000 rwxp 00000000 00:00 0 
b77b3000-b77bb000 rwxs 00000000 08:33 1149312    /tmp/hsperfdata_fon/14484
b77bb000-b77c1000 r-xp 00000000 08:33 267014     /lib/libnss_compat-2.12.1.so
b77c1000-b77c2000 r-xp 00006000 08:33 267014     /lib/libnss_compat-2.12.1.so
b77c2000-b77c3000 rwxp 00007000 08:33 267014     /lib/libnss_compat-2.12.1.so
b77c3000-b77e6000 r-xp 00000000 08:33 1251925    /opt/sun-jdk-1.6.0.23/jre/lib/i386/libjava.so
b77e6000-b77e8000 rwxp 00023000 08:33 1251925    /opt/sun-jdk-1.6.0.23/jre/lib/i386/libjava.so
b77e8000-b77f3000 r-xp 00000000 08:33 1251923    /opt/sun-jdk-1.6.0.23/jre/lib/i386/libverify.so
b77f3000-b77f4000 rwxp 0000b000 08:33 1251923    /opt/sun-jdk-1.6.0.23/jre/lib/i386/libverify.so
b77f4000-b77f5000 rwxp 00000000 00:00 0 
b77f5000-b7811000 r-xp 00000000 08:33 267045     /lib/ld-2.12.1.so
b7811000-b7812000 r-xp 00000000 00:00 0          [vdso]
b7812000-b7813000 r-xp 0001c000 08:33 267045     /lib/ld-2.12.1.so
b7813000-b7814000 rwxp 0001d000 08:33 267045     /lib/ld-2.12.1.so
bf811000-bf833000 rwxp 00000000 00:00 0          [stack]

VM Arguments:
jvm_args: -Dvce.launchers=org.eclipse.ve.internal.java.vce.launcher.remotevm.JFCLauncher -Dvce.launcher.class=edu.aueb.cs.uw.Board -Dfile.encoding=UTF-8 -Xbootclasspath:/opt/android-sdk-update-manager/platforms/android-7/android.jar 
java_command: org.eclipse.ve.internal.java.vce.launcher.remotevm.JavaBeansLauncher
Launcher Type: SUN_STANDARD

Environment Variables:
JAVA_HOME=/etc/java-config-2/current-system-vm
CLASSPATH=.
PATH=/usr/local/bin:/usr/bin:/bin:/opt/bin:/usr/i486-pc-linux-gnu/gcc-bin/4.1.2:/usr/i686-pc-linux-gnu/gcc-bin/4.4.5:/opt/sun-jdk-1.4.2.19/bin:/opt/sun-jdk-1.4.2.19/jre/bin:/opt/sun-jdk-1.4.2.19/jre/javaws:/usr/kde/3.5/bin:/usr/qt/3/bin:/opt/android-sdk-update-manager/tools:/opt/android-sdk-update-manager/platform-tools:/usr/lib/subversion/bin:/usr/games/bin:/opt/real/RealPlayer
LD_LIBRARY_PATH=/opt/sun-jdk-1.6.0.23/jre/lib/i386/server:/opt/sun-jdk-1.6.0.23/jre/lib/i386:/opt/sun-jdk-1.6.0.23/jre/../lib/i386::/usr/lib:/usr/lib/xulrunner-devel-1.9.2
SHELL=/bin/bash
DISPLAY=:0

Signal Handlers:
SIGSEGV: [libjvm.so+0x6e1a10], sa_mask[0]=0x7ffbfeff, sa_flags=0x10000004
SIGBUS: [libjvm.so+0x6e1a10], sa_mask[0]=0x7ffbfeff, sa_flags=0x10000004
SIGFPE: [libjvm.so+0x5a37a0], sa_mask[0]=0x7ffbfeff, sa_flags=0x10000004
SIGPIPE: [libjvm.so+0x5a37a0], sa_mask[0]=0x7ffbfeff, sa_flags=0x10000004
SIGXFSZ: [libjvm.so+0x5a37a0], sa_mask[0]=0x7ffbfeff, sa_flags=0x10000004
SIGILL: [libjvm.so+0x5a37a0], sa_mask[0]=0x7ffbfeff, sa_flags=0x10000004
SIGUSR1: SIG_DFL, sa_mask[0]=0x00000000, sa_flags=0x00000000
SIGUSR2: [libjvm.so+0x5a6780], sa_mask[0]=0x00000004, sa_flags=0x10000004
SIGHUP: SIG_DFL, sa_mask[0]=0x00000000, sa_flags=0x00000000
SIGINT: SIG_DFL, sa_mask[0]=0x00000000, sa_flags=0x00000000
SIGTERM: SIG_DFL, sa_mask[0]=0x00000000, sa_flags=0x00000000
SIGQUIT: SIG_DFL, sa_mask[0]=0x00000000, sa_flags=0x00000000


---------------  S Y S T E M  ---------------

OS:Gentoo Base System release 2.0.1-r1

uname:Linux 2.6.36-gentoo #4 SMP Fri Oct 22 00:46:47 EEST 2010 i686
libc:glibc 2.12.1 NPTL 2.12.1 
rlimit: STACK 8192k, CORE 0k, NPROC 26332, NOFILE 1024, AS infinity
load average:1.26 1.20 1.24

/proc/meminfo:
MemTotal:        3370920 kB
MemFree:           93052 kB
Buffers:          498440 kB
Cached:           907196 kB
SwapCached:          200 kB
Active:          2012732 kB
Inactive:        1128644 kB
Active(anon):    1380352 kB
Inactive(anon):   393272 kB
Active(file):     632380 kB
Inactive(file):   735372 kB
Unevictable:           8 kB
Mlocked:               8 kB
HighTotal:       2497992 kB
HighFree:           3472 kB
LowTotal:         872928 kB
LowFree:           89580 kB
SwapTotal:        506040 kB
SwapFree:         485308 kB
Dirty:               628 kB
Writeback:             0 kB
AnonPages:       1735656 kB
Mapped:           187888 kB
Shmem:             37808 kB
Slab:              83628 kB
SReclaimable:      63688 kB
SUnreclaim:        19940 kB
KernelStack:        4400 kB
PageTables:        12052 kB
NFS_Unstable:          0 kB
Bounce:                0 kB
WritebackTmp:          0 kB
CommitLimit:     2191500 kB
Committed_AS:    5832684 kB
VmallocTotal:     122880 kB
VmallocUsed:       47656 kB
VmallocChunk:      58876 kB
HugePages_Total:       0
HugePages_Free:        0
HugePages_Rsvd:        0
HugePages_Surp:        0
Hugepagesize:       4096 kB
DirectMap4k:      802808 kB
DirectMap4M:      106496 kB


CPU:total 4 (4 cores per cpu, 1 threads per core) family 6 model 23 stepping 10, cmov, cx8, fxsr, mmx, sse, sse2, sse3, ssse3, sse4.1

Memory: 4k page, physical 3370920k(93052k free), swap 506040k(485308k free)

vm_info: Java HotSpot(TM) Server VM (19.0-b09) for linux-x86 JRE (1.6.0_23-b05), built on Nov 12 2010 14:07:22 by "java_re" with gcc 3.2.1-7a (J2SE release)

time: Wed Dec 22 12:58:32 2010
elapsed time: 0 seconds

