#
# A fatal error has been detected by the Java Runtime Environment:
#
#  Internal Error (classFileParser.cpp:3375), pid=26910, tid=3064605552
#  Error: ShouldNotReachHere()
#
# JRE version: 6.0_23-b05
# Java VM: Java HotSpot(TM) Server VM (19.0-b09 mixed mode linux-x86 )
# If you would like to submit a bug report, please visit:
#   http://java.sun.com/webapps/bugreport/crash.jsp
#

---------------  T H R E A D  ---------------

Current thread (0x091a1400):  JavaThread "Unknown thread" [_thread_in_vm, id=26915, stack(0xb6a52000,0xb6aa3000)]

Stack: [0xb6a52000,0xb6aa3000],  sp=0xb6aa1800,  free space=318k
Native frames: (J=compiled Java code, j=interpreted, Vv=VM code, C=native code)
V  [libjvm.so+0x6e0e00]
V  [libjvm.so+0x2d647f]
V  [libjvm.so+0x26ff9a]
V  [libjvm.so+0x275e21]
V  [libjvm.so+0x67386f]
V  [libjvm.so+0x671af5]
V  [libjvm.so+0x6709b6]
V  [libjvm.so+0x670660]
V  [libjvm.so+0x674fca]
V  [libjvm.so+0x67505c]
V  [libjvm.so+0x675120]
V  [libjvm.so+0x674f09]
V  [libjvm.so+0x6ba64a]
V  [libjvm.so+0x6bbcdf]
V  [libjvm.so+0x3939d8]
V  [libjvm.so+0x6a3c6d]
V  [libjvm.so+0x3eb926]
C  [java+0x405c]
C  [java+0x2942]  JavaMain+0x72
C  [libpthread.so.0+0x5cf3]


---------------  P R O C E S S  ---------------

Java Threads: ( => current thread )

Other Threads:

=>0x091a1400 (exited) JavaThread "Unknown thread" [_thread_in_vm, id=26915, stack(0xb6a52000,0xb6aa3000)]

VM state:not at safepoint (not fully initialized)

VM Mutex/Monitor currently owned by a thread: None

Dynamic libraries:
08047000-08052000 r-xp 00000000 08:33 2193673    /opt/sun-jdk-1.6.0.23/bin/java
08052000-08053000 rwxp 0000a000 08:33 2193673    /opt/sun-jdk-1.6.0.23/bin/java
0919b000-09203000 rwxp 00000000 00:00 0          [heap]
7bbdd000-7bc3c000 r-xs 00492000 08:33 2126290    /opt/android-sdk-update-manager/platforms/android-7/android.jar
7bc3c000-7bc3d000 ---p 00000000 00:00 0 
7bc3d000-7bcbd000 rwxp 00000000 00:00 0 
7bcbd000-7bcbe000 ---p 00000000 00:00 0 
7bcbe000-7bd3e000 rwxp 00000000 00:00 0 
7bd3e000-7bd3f000 ---p 00000000 00:00 0 
7bd3f000-7bdbf000 rwxp 00000000 00:00 0 
7bdbf000-7bdc0000 ---p 00000000 00:00 0 
7bdc0000-7be48000 rwxp 00000000 00:00 0 
7be48000-7be60000 rwxp 00000000 00:00 0 
7be60000-7be72000 rwxp 00000000 00:00 0 
7be72000-7bf73000 rwxp 00000000 00:00 0 
7bf73000-7bf7b000 rwxp 00000000 00:00 0 
7bf7b000-7bf93000 rwxp 00000000 00:00 0 
7bf93000-7bfa5000 rwxp 00000000 00:00 0 
7bfa5000-7c0a5000 rwxp 00000000 00:00 0 
7c0a5000-7c0af000 rwxp 00000000 00:00 0 
7c0af000-7c12f000 rwxp 00000000 00:00 0 
7c12f000-7d130000 rwxp 00000000 00:00 0 
7d130000-80130000 rwxp 00000000 00:00 0 
80130000-82380000 rwxp 00000000 00:00 0 
82380000-a2690000 rwxp 00000000 00:00 0 
a2690000-a37b0000 rwxp 00000000 00:00 0 
a37b0000-b3930000 rwxp 00000000 00:00 0 
b3930000-b3939000 rwxp 00000000 00:00 0 
b3939000-b39f0000 rwxp 00000000 00:00 0 
b39f0000-b3c30000 rwxp 00000000 00:00 0 
b3c30000-b69f0000 rwxp 00000000 00:00 0 
b69f0000-b6a03000 r-xp 00000000 08:33 267021     /lib/libnsl-2.12.1.so
b6a03000-b6a04000 r-xp 00012000 08:33 267021     /lib/libnsl-2.12.1.so
b6a04000-b6a05000 rwxp 00013000 08:33 267021     /lib/libnsl-2.12.1.so
b6a05000-b6a07000 rwxp 00000000 00:00 0 
b6a18000-b6a27000 r-xp 00000000 08:33 1251871    /opt/sun-jdk-1.6.0.23/jre/lib/i386/libzip.so
b6a27000-b6a29000 rwxp 0000e000 08:33 1251871    /opt/sun-jdk-1.6.0.23/jre/lib/i386/libzip.so
b6a29000-b6a33000 r-xp 00000000 08:33 267013     /lib/libnss_files-2.12.1.so
b6a33000-b6a34000 r-xp 00009000 08:33 267013     /lib/libnss_files-2.12.1.so
b6a34000-b6a35000 rwxp 0000a000 08:33 267013     /lib/libnss_files-2.12.1.so
b6a35000-b6a3e000 r-xp 00000000 08:33 267025     /lib/libnss_nis-2.12.1.so
b6a3e000-b6a3f000 r-xp 00008000 08:33 267025     /lib/libnss_nis-2.12.1.so
b6a3f000-b6a40000 rwxp 00009000 08:33 267025     /lib/libnss_nis-2.12.1.so
b6a40000-b6a46000 r-xp 00000000 08:33 1251912    /opt/sun-jdk-1.6.0.23/jre/lib/i386/native_threads/libhpi.so
b6a46000-b6a47000 rwxp 00006000 08:33 1251912    /opt/sun-jdk-1.6.0.23/jre/lib/i386/native_threads/libhpi.so
b6a47000-b6a48000 rwxp 00000000 00:00 0 
b6a48000-b6a49000 r-xp 00000000 00:00 0 
b6a49000-b6a50000 r-xp 00000000 08:33 266943     /lib/librt-2.12.1.so
b6a50000-b6a51000 r-xp 00006000 08:33 266943     /lib/librt-2.12.1.so
b6a51000-b6a52000 rwxp 00007000 08:33 266943     /lib/librt-2.12.1.so
b6a52000-b6a55000 ---p 00000000 00:00 0 
b6a55000-b6aa3000 rwxp 00000000 00:00 0 
b6aa3000-b6ac7000 r-xp 00000000 08:33 267061     /lib/libm-2.12.1.so
b6ac7000-b6ac8000 r-xp 00023000 08:33 267061     /lib/libm-2.12.1.so
b6ac8000-b6ac9000 rwxp 00024000 08:33 267061     /lib/libm-2.12.1.so
b6ac9000-b722e000 r-xp 00000000 08:33 1251917    /opt/sun-jdk-1.6.0.23/jre/lib/i386/server/libjvm.so
b722e000-b7281000 rwxp 00765000 08:33 1251917    /opt/sun-jdk-1.6.0.23/jre/lib/i386/server/libjvm.so
b7281000-b76a0000 rwxp 00000000 00:00 0 
b76a0000-b77f4000 r-xp 00000000 08:33 267042     /lib/libc-2.12.1.so
b77f4000-b77f6000 r-xp 00154000 08:33 267042     /lib/libc-2.12.1.so
b77f6000-b77f7000 rwxp 00156000 08:33 267042     /lib/libc-2.12.1.so
b77f7000-b77fb000 rwxp 00000000 00:00 0 
b77fb000-b77fd000 r-xp 00000000 08:33 267044     /lib/libdl-2.12.1.so
b77fd000-b77fe000 r-xp 00001000 08:33 267044     /lib/libdl-2.12.1.so
b77fe000-b77ff000 rwxp 00002000 08:33 267044     /lib/libdl-2.12.1.so
b77ff000-b7806000 r-xp 00000000 08:33 1251907    /opt/sun-jdk-1.6.0.23/jre/lib/i386/jli/libjli.so
b7806000-b7808000 rwxp 00006000 08:33 1251907    /opt/sun-jdk-1.6.0.23/jre/lib/i386/jli/libjli.so
b7808000-b781d000 r-xp 00000000 08:33 267046     /lib/libpthread-2.12.1.so
b781d000-b781e000 r-xp 00014000 08:33 267046     /lib/libpthread-2.12.1.so
b781e000-b781f000 rwxp 00015000 08:33 267046     /lib/libpthread-2.12.1.so
b781f000-b7821000 rwxp 00000000 00:00 0 
b7822000-b782a000 rwxs 00000000 08:33 1181736    /tmp/hsperfdata_fon/26910
b782a000-b7830000 r-xp 00000000 08:33 267014     /lib/libnss_compat-2.12.1.so
b7830000-b7831000 r-xp 00006000 08:33 267014     /lib/libnss_compat-2.12.1.so
b7831000-b7832000 rwxp 00007000 08:33 267014     /lib/libnss_compat-2.12.1.so
b7832000-b7855000 r-xp 00000000 08:33 1251925    /opt/sun-jdk-1.6.0.23/jre/lib/i386/libjava.so
b7855000-b7857000 rwxp 00023000 08:33 1251925    /opt/sun-jdk-1.6.0.23/jre/lib/i386/libjava.so
b7857000-b7862000 r-xp 00000000 08:33 1251923    /opt/sun-jdk-1.6.0.23/jre/lib/i386/libverify.so
b7862000-b7863000 rwxp 0000b000 08:33 1251923    /opt/sun-jdk-1.6.0.23/jre/lib/i386/libverify.so
b7863000-b7864000 rwxp 00000000 00:00 0 
b7864000-b7880000 r-xp 00000000 08:33 267045     /lib/ld-2.12.1.so
b7880000-b7881000 r-xp 00000000 00:00 0          [vdso]
b7881000-b7882000 r-xp 0001c000 08:33 267045     /lib/ld-2.12.1.so
b7882000-b7883000 rwxp 0001d000 08:33 267045     /lib/ld-2.12.1.so
bfef6000-bff18000 rwxp 00000000 00:00 0          [stack]

VM Arguments:
jvm_args: -Dvce.launchers=org.eclipse.ve.internal.java.vce.launcher.remotevm.JFCLauncher -Dvce.launcher.class=edu.aueb.cs.uw.Board -Dfile.encoding=UTF-8 -Xbootclasspath:/opt/android-sdk-update-manager/platforms/android-7/android.jar 
java_command: org.eclipse.ve.internal.java.vce.launcher.remotevm.JavaBeansLauncher
Launcher Type: SUN_STANDARD

Environment Variables:
JAVA_HOME=/etc/java-config-2/current-system-vm
CLASSPATH=.
PATH=/usr/local/bin:/usr/bin:/bin:/opt/bin:/usr/i486-pc-linux-gnu/gcc-bin/4.1.2:/usr/i686-pc-linux-gnu/gcc-bin/4.4.5:/opt/sun-jdk-1.4.2.19/bin:/opt/sun-jdk-1.4.2.19/jre/bin:/opt/sun-jdk-1.4.2.19/jre/javaws:/usr/kde/3.5/bin:/usr/qt/3/bin://opt/android-sdk-update-manager/tools:/usr/lib/subversion/bin:/usr/games/bin:/opt/real/RealPlayer
LD_LIBRARY_PATH=/opt/sun-jdk-1.6.0.23/jre/lib/i386/server:/opt/sun-jdk-1.6.0.23/jre/lib/i386:/opt/sun-jdk-1.6.0.23/jre/../lib/i386::/usr/lib:/usr/lib/xulrunner-devel-1.9.2
SHELL=/bin/bash
DISPLAY=:0

Signal Handlers:
SIGSEGV: [libjvm.so+0x6e1a10], sa_mask[0]=0x7ffbfeff, sa_flags=0x10000004
SIGBUS: [libjvm.so+0x6e1a10], sa_mask[0]=0x7ffbfeff, sa_flags=0x10000004
SIGFPE: [libjvm.so+0x5a37a0], sa_mask[0]=0x7ffbfeff, sa_flags=0x10000004
SIGPIPE: [libjvm.so+0x5a37a0], sa_mask[0]=0x7ffbfeff, sa_flags=0x10000004
SIGXFSZ: [libjvm.so+0x5a37a0], sa_mask[0]=0x7ffbfeff, sa_flags=0x10000004
SIGILL: [libjvm.so+0x5a37a0], sa_mask[0]=0x7ffbfeff, sa_flags=0x10000004
SIGUSR1: SIG_DFL, sa_mask[0]=0x00000000, sa_flags=0x00000000
SIGUSR2: [libjvm.so+0x5a6780], sa_mask[0]=0x00000004, sa_flags=0x10000004
SIGHUP: SIG_DFL, sa_mask[0]=0x00000000, sa_flags=0x00000000
SIGINT: SIG_DFL, sa_mask[0]=0x00000000, sa_flags=0x00000000
SIGTERM: SIG_DFL, sa_mask[0]=0x00000000, sa_flags=0x00000000
SIGQUIT: SIG_DFL, sa_mask[0]=0x00000000, sa_flags=0x00000000


---------------  S Y S T E M  ---------------

OS:Gentoo Base System release 2.0.1-r1

uname:Linux 2.6.36-gentoo #4 SMP Fri Oct 22 00:46:47 EEST 2010 i686
libc:glibc 2.12.1 NPTL 2.12.1 
rlimit: STACK 8192k, CORE 0k, NPROC 26332, NOFILE 1024, AS infinity
load average:0.93 0.96 1.12

/proc/meminfo:
MemTotal:        3370920 kB
MemFree:         1094928 kB
Buffers:           27512 kB
Cached:           395704 kB
SwapCached:        18100 kB
Active:          1278740 kB
Inactive:         893792 kB
Active(anon):    1137296 kB
Inactive(anon):   651464 kB
Active(file):     141444 kB
Inactive(file):   242328 kB
Unevictable:           8 kB
Mlocked:               8 kB
HighTotal:       2497992 kB
HighFree:         517972 kB
LowTotal:         872928 kB
LowFree:          576956 kB
SwapTotal:        506040 kB
SwapFree:         209092 kB
Dirty:               184 kB
Writeback:             0 kB
AnonPages:       1732272 kB
Mapped:           135040 kB
Shmem:             39144 kB
Slab:              46788 kB
SReclaimable:      26016 kB
SUnreclaim:        20772 kB
KernelStack:        3928 kB
PageTables:        12556 kB
NFS_Unstable:          0 kB
Bounce:                0 kB
WritebackTmp:          0 kB
CommitLimit:     2191500 kB
Committed_AS:    5661328 kB
VmallocTotal:     122880 kB
VmallocUsed:       47716 kB
VmallocChunk:      58876 kB
HugePages_Total:       0
HugePages_Free:        0
HugePages_Rsvd:        0
HugePages_Surp:        0
Hugepagesize:       4096 kB
DirectMap4k:      798712 kB
DirectMap4M:      110592 kB


CPU:total 4 (4 cores per cpu, 1 threads per core) family 6 model 23 stepping 10, cmov, cx8, fxsr, mmx, sse, sse2, sse3, ssse3, sse4.1

Memory: 4k page, physical 3370920k(1094928k free), swap 506040k(209092k free)

vm_info: Java HotSpot(TM) Server VM (19.0-b09) for linux-x86 JRE (1.6.0_23-b05), built on Nov 12 2010 14:07:22 by "java_re" with gcc 3.2.1-7a (J2SE release)

time: Fri Dec 17 14:25:31 2010
elapsed time: 0 seconds

